2025-12-27T15:31:14.319Z - info: Website generation (lazy) started at 23:31:12
2025-12-27T15:31:14.939Z - warn: ENOENT: no such file or directory, open '/Users/damithch/Repos/nus-cs2103/cs2103-website-base/node_modules/.cache/gh-pages/https!github.com!nus-tic2002-AY2526S1!website.git/book/_markbind/variables.md'
2025-12-27T15:31:14.939Z - warn: ENOENT: no such file or directory, open '/Users/damithch/Repos/nus-cs2103/cs2103-website-base/node_modules/.cache/gh-pages/https!github.com!nus-tic2002-AY2526S1!website.git/_markbind/variables.md'
2025-12-27T15:31:14.959Z - info: Building assets...
2025-12-27T15:31:17.154Z - info: Assets built
2025-12-27T15:31:17.155Z - info: Generating landing page...
2025-12-27T15:31:17.485Z - info: Landing page built, other pages will be built as you navigate to them!
2025-12-27T15:31:17.565Z - info: Site data built
2025-12-27T15:31:17.566Z - info: Website generation (lazy) complete! Total build time: 4.703s
2025-12-27T15:31:17.579Z - info: Serving "/Users/damithch/Repos/nus-cs2103/cs2103-website-base/_site" at http://127.0.0.1:8080
2025-12-27T15:31:17.579Z - info: Press CTRL+C to stop ...
2025-12-27T15:31:49.832Z - info: [23:31:49] Reload for file change: /Users/damithch/Repos/nus-cs2103/cs2103-website-base/_markbind/variables.md
2025-12-27T15:31:49.835Z - info: Synchronizing opened pages list before reload
2025-12-27T15:31:49.838Z - info: Current opened pages, from most-to-least recent:
2025-12-27T15:31:49.839Z - info: 1. index
2025-12-27T15:31:50.875Z - warn: ENOENT: no such file or directory, open '/Users/damithch/Repos/nus-cs2103/cs2103-website-base/node_modules/.cache/gh-pages/https!github.com!nus-tic2002-AY2526S1!website.git/book/_markbind/variables.md'
2025-12-27T15:31:50.876Z - warn: ENOENT: no such file or directory, open '/Users/damithch/Repos/nus-cs2103/cs2103-website-base/node_modules/.cache/gh-pages/https!github.com!nus-tic2002-AY2526S1!website.git/_markbind/variables.md'
2025-12-27T15:31:50.910Z - warn: Rebuilding all pages as variables file was changed, or the --force-reload flag was set
2025-12-27T15:31:50.916Z - info: Rebuilding 1 pages
2025-12-27T15:31:51.097Z - info: Site data built
2025-12-27T15:31:51.097Z - info: Pages rebuilt
2025-12-27T15:31:51.097Z - info: Website regeneration complete! Total build time: 0.249s
2025-12-27T15:32:53.982Z - info: Website generation (lazy) started at 23:32:52
2025-12-27T15:32:54.403Z - warn: ENOENT: no such file or directory, open '/Users/damithch/Repos/nus-cs2103/cs2103-website-base/node_modules/.cache/gh-pages/https!github.com!nus-tic2002-AY2526S1!website.git/book/_markbind/variables.md'
2025-12-27T15:32:54.403Z - warn: ENOENT: no such file or directory, open '/Users/damithch/Repos/nus-cs2103/cs2103-website-base/node_modules/.cache/gh-pages/https!github.com!nus-tic2002-AY2526S1!website.git/_markbind/variables.md'
2025-12-27T15:32:54.434Z - info: Building assets...
2025-12-27T15:32:57.280Z - info: Assets built
2025-12-27T15:32:57.280Z - info: Generating landing page...
2025-12-27T15:32:57.761Z - info: Landing page built, other pages will be built as you navigate to them!
2025-12-27T15:32:57.852Z - info: Site data built
2025-12-27T15:32:57.852Z - info: Website generation (lazy) complete! Total build time: 5.093s
2025-12-27T15:32:57.868Z - info: Serving "/Users/damithch/Repos/nus-cs2103/cs2103-website-base/_site" at http://127.0.0.1:8080
2025-12-27T15:32:57.868Z - info: Press CTRL+C to stop ...
2025-12-27T15:34:03.603Z - info: Building /Users/damithch/Repos/nus-cs2103/cs2103-website-base/schedule/week1/index as some of its dependencies were changed since the last visit
2025-12-27T15:34:04.059Z - info: Site data built
2025-12-27T15:34:04.059Z - info: Lazy website regeneration complete! Total build time: 0.457s
2025-12-27T15:34:14.256Z - info: Building /Users/damithch/Repos/nus-cs2103/cs2103-website-base/schedule/week2/index as some of its dependencies were changed since the last visit
2025-12-27T15:34:14.639Z - info: Site data built
2025-12-27T15:34:14.639Z - info: Lazy website regeneration complete! Total build time: 0.383s
2025-12-27T15:34:30.078Z - info: Building /Users/damithch/Repos/nus-cs2103/cs2103-website-base/schedule/week2/topics as some of its dependencies were changed since the last visit
2025-12-27T15:34:31.620Z - info: Site data built
2025-12-27T15:34:31.620Z - info: Lazy website regeneration complete! Total build time: 1.543s
2025-12-27T15:53:31.947Z - info: Building /Users/damithch/Repos/nus-cs2103/cs2103-website-base/schedule/week1/topics as some of its dependencies were changed since the last visit
2025-12-27T15:53:34.220Z - debug:  
2025-12-27T15:53:34.391Z - info: Site data built
2025-12-27T15:53:34.391Z - info: Lazy website regeneration complete! Total build time: 2.446s
2025-12-27T15:59:28.413Z - info: [23:59:28] Reload for file change: /Users/damithch/Repos/nus-cs2103/cs2103-website-base/book/gitAndGithub/trail/recordingFolderHistory/text.md
2025-12-27T15:59:28.417Z - info: Synchronizing opened pages list before reload
2025-12-27T15:59:28.420Z - info: Current opened pages, from most-to-least recent:
2025-12-27T15:59:28.421Z - info: 1. schedule/week1/topics
2025-12-27T15:59:29.458Z - info: Rebuilding 1 pages
2025-12-27T15:59:30.744Z - info: Site data built
2025-12-27T15:59:30.745Z - info: Pages rebuilt
2025-12-27T15:59:30.745Z - info: Website regeneration complete! Total build time: 1.291s
