2026-01-07T05:26:18.913Z - info: Website generation (lazy) started at 13:26:17
2026-01-07T05:26:19.615Z - warn: ENOENT: no such file or directory, open '/Users/damithch/Repos/nus-cs2103/cs2103-website-base/node_modules/.cache/gh-pages/https!github.com!NUS-CS2113-AY2526-S2!website.git/book/_markbind/variables.md'
2026-01-07T05:26:19.616Z - warn: ENOENT: no such file or directory, open '/Users/damithch/Repos/nus-cs2103/cs2103-website-base/node_modules/.cache/gh-pages/https!github.com!NUS-CS2113-AY2526-S2!website.git/_markbind/variables.md'
2026-01-07T05:26:19.636Z - info: Building assets...
2026-01-07T05:26:22.218Z - info: Assets built
2026-01-07T05:26:22.218Z - info: Generating landing page...
2026-01-07T05:26:22.555Z - info: Landing page built, other pages will be built as you navigate to them!
2026-01-07T05:26:22.629Z - info: Site data built
2026-01-07T05:26:22.629Z - info: Website generation (lazy) complete! Total build time: 4.993s
2026-01-07T05:26:22.642Z - info: Serving "/Users/damithch/Repos/nus-cs2103/cs2103-website-base/_site" at http://127.0.0.1:8080
2026-01-07T05:26:22.642Z - info: Press CTRL+C to stop ...
2026-01-07T05:30:05.025Z - info: [13:30:05] Reload for file change: /Users/damithch/Repos/nus-cs2103/cs2103-website-base/_course-CS2103/timetables-fragment.md
2026-01-07T05:30:05.030Z - info: Synchronizing opened pages list before reload
2026-01-07T05:30:05.035Z - info: Current opened pages, from most-to-least recent:
2026-01-07T05:30:05.036Z - info: 1. index
2026-01-07T05:30:06.053Z - info: Assets built
2026-01-07T05:30:10.890Z - info: Building /Users/damithch/Repos/nus-cs2103/cs2103-website-base/admin/tutorials as some of its dependencies were changed since the last visit
2026-01-07T05:30:11.421Z - info: Site data built
2026-01-07T05:30:11.421Z - info: Lazy website regeneration complete! Total build time: 0.532s
2026-01-07T05:31:31.941Z - info: [13:31:31] Reload for file change: /Users/damithch/Repos/nus-cs2103/cs2103-website-base/_course-CS2103/timetables-fragment.md
2026-01-07T05:31:31.944Z - info: Synchronizing opened pages list before reload
2026-01-07T05:31:31.947Z - info: Current opened pages, from most-to-least recent:
2026-01-07T05:31:31.947Z - info: 1. admin/tutorials
2026-01-07T05:31:32.964Z - info: Rebuilding 1 pages
2026-01-07T05:31:33.478Z - info: Site data built
2026-01-07T05:31:33.478Z - info: Pages rebuilt
2026-01-07T05:31:33.478Z - info: Website regeneration complete! Total build time: 0.517s
2026-01-07T05:32:25.025Z - info: [13:32:25] Reload for file change: /Users/damithch/Repos/nus-cs2103/cs2103-website-base/_course-CS2103/timetables-fragment.md
2026-01-07T05:32:25.035Z - info: Synchronizing opened pages list before reload
2026-01-07T05:32:25.045Z - info: Current opened pages, from most-to-least recent:
2026-01-07T05:32:25.046Z - info: 1. admin/tutorials
2026-01-07T05:32:26.067Z - info: Rebuilding 1 pages
2026-01-07T05:32:26.561Z - info: Site data built
2026-01-07T05:32:26.562Z - info: Pages rebuilt
2026-01-07T05:32:26.562Z - info: Website regeneration complete! Total build time: 0.497s
2026-01-07T05:32:45.374Z - info: Website generation started at 13:32:44
2026-01-07T05:32:45.811Z - warn: ENOENT: no such file or directory, open '/Users/damithch/Repos/nus-cs2103/cs2103-website-base/node_modules/.cache/gh-pages/https!github.com!NUS-CS2113-AY2526-S2!website.git/book/_markbind/variables.md'
2026-01-07T05:32:45.811Z - warn: ENOENT: no such file or directory, open '/Users/damithch/Repos/nus-cs2103/cs2103-website-base/node_modules/.cache/gh-pages/https!github.com!NUS-CS2113-AY2526-S2!website.git/_markbind/variables.md'
2026-01-07T05:32:45.832Z - info: Building assets...
2026-01-07T05:32:48.334Z - info: Assets built
2026-01-07T05:32:48.335Z - info: Generating pages...
2026-01-07T05:32:56.040Z - debug:  
2026-01-07T05:32:56.040Z - debug:  
2026-01-07T05:32:56.040Z - debug:  
2026-01-07T05:32:56.040Z - debug:  
2026-01-07T05:32:56.040Z - debug:  
2026-01-07T05:32:56.040Z - debug:  
2026-01-07T05:32:56.040Z - debug:  
2026-01-07T05:32:56.040Z - debug:  
2026-01-07T05:32:56.040Z - debug:  
2026-01-07T05:32:56.040Z - debug:  
2026-01-07T05:32:56.040Z - debug:  
2026-01-07T05:32:56.040Z - debug:  
2026-01-07T05:32:56.040Z - debug:  
2026-01-07T05:32:56.040Z - debug:  
2026-01-07T05:32:56.040Z - debug:  
2026-01-07T05:32:56.097Z - debug:  
2026-01-07T05:32:59.837Z - debug:  
2026-01-07T05:32:59.882Z - debug:  
2026-01-07T05:32:59.905Z - debug:  
2026-01-07T05:32:59.916Z - debug:  
2026-01-07T05:32:59.942Z - debug:  
2026-01-07T05:32:59.990Z - debug:  
2026-01-07T05:33:09.704Z - debug:  
2026-01-07T05:33:55.862Z - debug:  
2026-01-07T05:33:55.862Z - debug:  
2026-01-07T05:34:07.106Z - debug:  
2026-01-07T05:34:20.701Z - debug:  
2026-01-07T05:34:20.727Z - debug:  
2026-01-07T05:34:28.502Z - info: Pages built
2026-01-07T05:34:28.587Z - info: Site data built
2026-01-07T05:34:28.587Z - info: Website generation complete! Total build time: 104.417s
2026-01-07T05:34:28.587Z - info: Build success!
2026-01-07T05:34:55.287Z - info: The website has been deployed at: https://nus-cs2103-ay2526-s2.github.io/website
2026-01-07T06:07:50.503Z - info: Website generation (lazy) started at 14:07:49
2026-01-07T06:07:51.172Z - warn: ENOENT: no such file or directory, open '/Users/damithch/Repos/nus-cs2103/cs2103-website-base/node_modules/.cache/gh-pages/https!github.com!NUS-CS2103-AY2526-S2!website.git/book/_markbind/variables.md'
2026-01-07T06:07:51.173Z - warn: ENOENT: no such file or directory, open '/Users/damithch/Repos/nus-cs2103/cs2103-website-base/node_modules/.cache/gh-pages/https!github.com!NUS-CS2103-AY2526-S2!website.git/_markbind/variables.md'
2026-01-07T06:07:51.197Z - info: Building assets...
2026-01-07T06:07:53.703Z - info: Assets built
2026-01-07T06:07:53.704Z - info: Generating landing page...
2026-01-07T06:07:53.972Z - info: Landing page built, other pages will be built as you navigate to them!
2026-01-07T06:07:54.040Z - info: Site data built
2026-01-07T06:07:54.040Z - info: Website generation (lazy) complete! Total build time: 4.948s
2026-01-07T06:07:54.050Z - info: Serving "/Users/damithch/Repos/nus-cs2103/cs2103-website-base/_site" at http://127.0.0.1:8080
2026-01-07T06:07:54.050Z - info: Press CTRL+C to stop ...
2026-01-07T06:09:26.255Z - info: [14:09:26] Reload for file change: /Users/damithch/Repos/nus-cs2103/cs2103-website-base/_markbind/layouts/header.md
2026-01-07T06:09:26.261Z - info: Synchronizing opened pages list before reload
2026-01-07T06:09:26.266Z - info: No pages are currently opened
2026-01-07T06:09:27.449Z - info: No pages needed to be rebuilt
2026-01-07T10:52:35.100Z - info: Building /Users/damithch/Repos/nus-cs2103/cs2103-website-base/se-book-adapted/git-trail/index as some of its dependencies were changed since the last visit
2026-01-07T10:52:36.462Z - info: Site data built
2026-01-07T10:52:36.462Z - info: Lazy website regeneration complete! Total build time: 1.364s
2026-01-07T12:59:57.741Z - info: Website generation started at 20:59:56
2026-01-07T12:59:58.264Z - warn: ENOENT: no such file or directory, open '/Users/damithch/Repos/nus-cs2103/cs2103-website-base/node_modules/.cache/gh-pages/https!github.com!NUS-CS2103-AY2526-S2!website.git/book/_markbind/variables.md'
2026-01-07T12:59:58.264Z - warn: ENOENT: no such file or directory, open '/Users/damithch/Repos/nus-cs2103/cs2103-website-base/node_modules/.cache/gh-pages/https!github.com!NUS-CS2103-AY2526-S2!website.git/_markbind/variables.md'
2026-01-07T12:59:58.285Z - info: Building assets...
2026-01-07T13:00:01.911Z - info: Assets built
2026-01-07T13:00:01.913Z - info: Generating pages...
2026-01-07T13:00:13.640Z - debug:  
2026-01-07T13:00:13.640Z - debug:  
2026-01-07T13:00:13.640Z - debug:  
2026-01-07T13:00:13.640Z - debug:  
2026-01-07T13:00:13.640Z - debug:  
2026-01-07T13:00:13.640Z - debug:  
2026-01-07T13:00:13.641Z - debug:  
2026-01-07T13:00:13.641Z - debug:  
2026-01-07T13:00:13.641Z - debug:  
2026-01-07T13:00:13.641Z - debug:  
2026-01-07T13:00:13.641Z - debug:  
2026-01-07T13:00:13.641Z - debug:  
2026-01-07T13:00:13.641Z - debug:  
2026-01-07T13:00:13.641Z - debug:  
2026-01-07T13:00:13.641Z - debug:  
2026-01-07T13:00:13.641Z - debug:  
2026-01-07T13:00:15.937Z - debug:  
2026-01-07T13:00:16.068Z - debug:  
2026-01-07T13:00:16.107Z - debug:  
2026-01-07T13:00:16.140Z - debug:  
2026-01-07T13:00:16.155Z - debug:  
2026-01-07T13:00:16.162Z - debug:  
2026-01-07T13:00:26.516Z - debug:  
2026-01-07T13:01:15.603Z - debug:  
2026-01-07T13:01:15.603Z - debug:  
2026-01-07T13:01:28.250Z - debug:  
2026-01-07T13:01:43.277Z - debug:  
2026-01-07T13:01:43.299Z - debug:  
2026-01-07T13:01:51.408Z - info: Pages built
2026-01-07T13:01:51.494Z - info: Site data built
2026-01-07T13:01:51.494Z - info: Website generation complete! Total build time: 115.014s
2026-01-07T13:01:51.494Z - info: Build success!
2026-01-07T13:02:16.443Z - info: The website has been deployed at: https://nus-cs2103-ay2526-s2.github.io/website
