2026-01-01T16:05:17.956Z - info: [00:05:17] Reload for file change: /Users/damithch/Repos/nus-cs2103/cs2103-website-base/book/uml/classDiagrams/dependencies/what/text.md
2026-01-01T16:05:18.001Z - info: Synchronizing opened pages list before reload
2026-01-01T16:05:18.005Z - info: Current opened pages, from most-to-least recent:
2026-01-01T16:05:18.006Z - info: 1. se-book-adapted/chapters/modeling
2026-01-01T16:05:19.033Z - info: Rebuilding 1 pages
2026-01-01T16:05:19.799Z - info: Site data built
2026-01-01T16:05:19.799Z - info: Pages rebuilt
2026-01-01T16:05:19.799Z - info: Website regeneration complete! Total build time: 0.785s
2026-01-01T16:07:23.842Z - info: [00:07:23] Reload for file change: /Users/damithch/Repos/nus-cs2103/cs2103-website-base/book/uml/classDiagrams/dependencies/what/text.md
2026-01-01T16:07:23.845Z - info: Synchronizing opened pages list before reload
2026-01-01T16:07:23.848Z - info: Current opened pages, from most-to-least recent:
2026-01-01T16:07:23.849Z - info: 1. se-book-adapted/chapters/modeling
2026-01-01T16:07:24.860Z - info: Rebuilding 1 pages
2026-01-01T16:07:26.856Z - debug:  
2026-01-01T16:07:26.954Z - info: Site data built
2026-01-01T16:07:26.954Z - info: Pages rebuilt
2026-01-01T16:07:26.954Z - info: Website regeneration complete! Total build time: 2.097s
2026-01-01T16:07:49.699Z - info: [00:07:49] Reload for file change: /Users/damithch/Repos/nus-cs2103/cs2103-website-base/book/uml/classDiagrams/dependencies/what/text.md
2026-01-01T16:07:49.700Z - info: Synchronizing opened pages list before reload
2026-01-01T16:07:49.701Z - info: Current opened pages, from most-to-least recent:
2026-01-01T16:07:49.701Z - info: 1. se-book-adapted/chapters/modeling
2026-01-01T16:07:50.711Z - info: Rebuilding 1 pages
2026-01-01T16:07:51.886Z - debug: ERROR
6
Syntax Error?
Some diagram description contains errors

2026-01-01T16:07:52.017Z - info: Site data built
2026-01-01T16:07:52.017Z - info: Pages rebuilt
2026-01-01T16:07:52.017Z - info: Website regeneration complete! Total build time: 1.308s
2026-01-01T16:08:36.050Z - info: [00:08:36] Reload for file change: /Users/damithch/Repos/nus-cs2103/cs2103-website-base/book/uml/classDiagrams/dependencies/what/text.md
2026-01-01T16:08:36.052Z - info: Synchronizing opened pages list before reload
2026-01-01T16:08:36.053Z - info: Current opened pages, from most-to-least recent:
2026-01-01T16:08:36.054Z - info: 1. se-book-adapted/chapters/modeling
2026-01-01T16:08:37.073Z - info: Rebuilding 1 pages
2026-01-01T16:08:38.662Z - debug:  
2026-01-01T16:08:38.844Z - info: Site data built
2026-01-01T16:08:38.845Z - info: Pages rebuilt
2026-01-01T16:08:38.845Z - info: Website regeneration complete! Total build time: 1.774s
2026-01-01T16:09:01.052Z - info: [00:09:01] Reload for file change: /Users/damithch/Repos/nus-cs2103/cs2103-website-base/book/uml/classDiagrams/dependencies/what/text.md
2026-01-01T16:09:01.053Z - info: Synchronizing opened pages list before reload
2026-01-01T16:09:01.053Z - info: Current opened pages, from most-to-least recent:
2026-01-01T16:09:01.053Z - info: 1. se-book-adapted/chapters/modeling
2026-01-01T16:09:02.061Z - info: Rebuilding 1 pages
2026-01-01T16:09:02.843Z - info: Site data built
2026-01-01T16:09:02.843Z - info: Pages rebuilt
2026-01-01T16:09:02.843Z - info: Website regeneration complete! Total build time: 0.785s
2026-01-01T16:09:36.812Z - info: [00:09:36] Reload for file change: /Users/damithch/Repos/nus-cs2103/cs2103-website-base/book/uml/classDiagrams/dependencies/what/text.md
2026-01-01T16:09:36.818Z - info: Synchronizing opened pages list before reload
2026-01-01T16:09:36.819Z - info: Current opened pages, from most-to-least recent:
2026-01-01T16:09:36.820Z - info: 1. se-book-adapted/chapters/modeling
2026-01-01T16:09:37.833Z - info: Rebuilding 1 pages
2026-01-01T16:09:38.594Z - info: Site data built
2026-01-01T16:09:38.594Z - info: Pages rebuilt
2026-01-01T16:09:38.594Z - info: Website regeneration complete! Total build time: 0.764s
2026-01-01T16:12:22.301Z - info: [00:12:22] Reload for file add: /Users/damithch/Repos/nus-cs2103/cs2103-website-base/book/uml/classDiagrams/dependencies/what/images/incorrectDependencyWithInheritance.puml
2026-01-01T16:12:22.302Z - info: Synchronizing opened pages list before reload
2026-01-01T16:12:22.302Z - info: Current opened pages, from most-to-least recent:
2026-01-01T16:12:22.302Z - info: 1. se-book-adapted/chapters/modeling
2026-01-01T16:12:23.446Z - info: Assets built
2026-01-01T16:13:36.265Z - info: [00:13:36] Reload for file change: /Users/damithch/Repos/nus-cs2103/cs2103-website-base/book/uml/classDiagrams/dependencies/what/text.md
2026-01-01T16:13:36.265Z - info: Synchronizing opened pages list before reload
2026-01-01T16:13:36.266Z - info: Current opened pages, from most-to-least recent:
2026-01-01T16:13:36.266Z - info: 1. se-book-adapted/chapters/modeling
2026-01-01T16:13:36.335Z - info: [00:13:36] Reload for file change: /Users/damithch/Repos/nus-cs2103/cs2103-website-base/book/uml/classDiagrams/dependencies/what/images/incorrectDependencyWithInheritance.puml
2026-01-01T16:13:36.335Z - info: Synchronizing opened pages list before reload
2026-01-01T16:13:36.335Z - info: Current opened pages, from most-to-least recent:
2026-01-01T16:13:36.335Z - info: 1. se-book-adapted/chapters/modeling
2026-01-01T16:13:37.271Z - info: Rebuilding 1 pages
2026-01-01T16:13:38.312Z - info: Assets built
2026-01-01T16:13:39.968Z - debug:  
2026-01-01T16:13:40.203Z - info: Site data built
2026-01-01T16:13:40.203Z - info: Pages rebuilt
2026-01-01T16:13:40.203Z - info: Website regeneration complete! Total build time: 2.934s
2026-01-01T16:14:15.201Z - info: [00:14:15] Reload for file change: /Users/damithch/Repos/nus-cs2103/cs2103-website-base/book/uml/classDiagrams/dependencies/what/text.md
2026-01-01T16:14:15.201Z - info: Synchronizing opened pages list before reload
2026-01-01T16:14:15.201Z - info: Current opened pages, from most-to-least recent:
2026-01-01T16:14:15.201Z - info: 1. se-book-adapted/chapters/modeling
2026-01-01T16:14:16.217Z - info: Rebuilding 1 pages
2026-01-01T16:14:16.981Z - info: Site data built
2026-01-01T16:14:16.981Z - info: Pages rebuilt
2026-01-01T16:14:16.981Z - info: Website regeneration complete! Total build time: 0.767s
2026-01-01T16:14:58.104Z - info: [00:14:58] Reload for file change: /Users/damithch/Repos/nus-cs2103/cs2103-website-base/book/uml/classDiagrams/dependencies/what/text.md
2026-01-01T16:14:58.105Z - info: Synchronizing opened pages list before reload
2026-01-01T16:14:58.105Z - info: Current opened pages, from most-to-least recent:
2026-01-01T16:14:58.105Z - info: 1. se-book-adapted/chapters/modeling
2026-01-01T16:14:59.111Z - info: Rebuilding 1 pages
2026-01-01T16:14:59.871Z - info: Site data built
2026-01-01T16:14:59.871Z - info: Pages rebuilt
2026-01-01T16:14:59.871Z - info: Website regeneration complete! Total build time: 0.762s
2026-01-01T16:15:06.991Z - info: [00:15:06] Reload for file change: /Users/damithch/Repos/nus-cs2103/cs2103-website-base/book/uml/classDiagrams/dependencies/what/text.md
2026-01-01T16:15:06.991Z - info: Synchronizing opened pages list before reload
2026-01-01T16:15:06.992Z - info: Current opened pages, from most-to-least recent:
2026-01-01T16:15:06.992Z - info: 1. se-book-adapted/chapters/modeling
2026-01-01T16:15:08.020Z - info: Rebuilding 1 pages
2026-01-01T16:15:08.773Z - info: Site data built
2026-01-01T16:15:08.773Z - info: Pages rebuilt
2026-01-01T16:15:08.773Z - info: Website regeneration complete! Total build time: 0.771s
2026-01-01T16:15:36.491Z - info: [00:15:36] Reload for file change: /Users/damithch/Repos/nus-cs2103/cs2103-website-base/book/uml/classDiagrams/dependencies/what/text.md
2026-01-01T16:15:36.493Z - info: Synchronizing opened pages list before reload
2026-01-01T16:15:36.493Z - info: Current opened pages, from most-to-least recent:
2026-01-01T16:15:36.493Z - info: 1. se-book-adapted/chapters/modeling
2026-01-01T16:15:37.500Z - info: Rebuilding 1 pages
2026-01-01T16:15:37.837Z - debug:  Error: ENOENT: no such file or directory, open '/Users/damithch/Repos/nus-cs2103/cs2103-website-base/book/uml/classDiagrams/dependencies/what/images/incorrectDependencyWithInheritance.png'
    at Object.readFileSync (node:fs:448:20)
    at Object.processNode (/opt/homebrew/lib/node_modules/markbind-cli/node_modules/@markbind/core/src/plugins/default/markbind-plugin-plantuml.js:143:44)
    at Plugin.processNode (/opt/homebrew/lib/node_modules/markbind-cli/node_modules/@markbind/core/src/plugins/Plugin.js:119:21)
    at /opt/homebrew/lib/node_modules/markbind-cli/node_modules/@markbind/core/src/plugins/PluginManager.js:195:20
    at Array.forEach (<anonymous>)
    at PluginManager.processNode (/opt/homebrew/lib/node_modules/markbind-cli/node_modules/@markbind/core/src/plugins/PluginManager.js:194:37)
    at NodeProcessor.traverse (/opt/homebrew/lib/node_modules/markbind-cli/node_modules/@markbind/core/src/html/NodeProcessor.js:346:28)
    at /opt/homebrew/lib/node_modules/markbind-cli/node_modules/@markbind/core/src/html/NodeProcessor.js:349:22
    at Array.forEach (<anonymous>)
    at NodeProcessor.traverse (/opt/homebrew/lib/node_modules/markbind-cli/node_modules/@markbind/core/src/html/NodeProcessor.js:348:27)
    at /opt/homebrew/lib/node_modules/markbind-cli/node_modules/@markbind/core/src/html/NodeProcessor.js:349:22
    at Array.forEach (<anonymous>)
    at NodeProcessor.traverse (/opt/homebrew/lib/node_modules/markbind-cli/node_modules/@markbind/core/src/html/NodeProcessor.js:348:27)
    at /opt/homebrew/lib/node_modules/markbind-cli/node_modules/@markbind/core/src/html/NodeProcessor.js:349:22
    at Array.forEach (<anonymous>)
    at NodeProcessor.traverse (/opt/homebrew/lib/node_modules/markbind-cli/node_modules/@markbind/core/src/html/NodeProcessor.js:348:27)
2026-01-01T16:15:37.839Z - error: Error reading /Users/damithch/Repos/nus-cs2103/cs2103-website-base/book/uml/classDiagrams/dependencies/what/images/incorrectDependencyWithInheritance.png for <puml> tag
2026-01-01T16:15:38.256Z - info: Site data built
2026-01-01T16:15:38.256Z - info: Pages rebuilt
2026-01-01T16:15:38.256Z - info: Website regeneration complete! Total build time: 0.758s
2026-01-01T16:16:02.100Z - info: [00:16:02] Reload for file change: /Users/damithch/Repos/nus-cs2103/cs2103-website-base/book/uml/classDiagrams/dependencies/what/text.md
2026-01-01T16:16:02.100Z - info: Synchronizing opened pages list before reload
2026-01-01T16:16:02.102Z - info: Current opened pages, from most-to-least recent:
2026-01-01T16:16:02.102Z - info: 1. se-book-adapted/chapters/modeling
2026-01-01T16:16:03.119Z - info: Rebuilding 1 pages
2026-01-01T16:16:03.897Z - info: Site data built
2026-01-01T16:16:03.897Z - info: Pages rebuilt
2026-01-01T16:16:03.897Z - info: Website regeneration complete! Total build time: 0.782s
2026-01-01T16:16:22.536Z - info: [00:16:22] Reload for file change: /Users/damithch/Repos/nus-cs2103/cs2103-website-base/book/uml/classDiagrams/dependencies/what/text.md
2026-01-01T16:16:22.537Z - info: Synchronizing opened pages list before reload
2026-01-01T16:16:22.537Z - info: Current opened pages, from most-to-least recent:
2026-01-01T16:16:22.537Z - info: 1. se-book-adapted/chapters/modeling
2026-01-01T16:16:23.559Z - info: Rebuilding 1 pages
2026-01-01T16:16:24.109Z - info: [00:16:24] Reload for file change: /Users/damithch/Repos/nus-cs2103/cs2103-website-base/book/uml/classDiagrams/dependencies/what/text.md
2026-01-01T16:16:24.109Z - info: Synchronizing opened pages list before reload
2026-01-01T16:16:24.109Z - info: Current opened pages, from most-to-least recent:
2026-01-01T16:16:24.109Z - info: 1. se-book-adapted/chapters/modeling
2026-01-01T16:16:24.473Z - info: Site data built
2026-01-01T16:16:24.473Z - info: Pages rebuilt
2026-01-01T16:16:24.473Z - info: Website regeneration complete! Total build time: 0.916s
2026-01-01T16:16:25.114Z - info: Assets built
2026-01-01T16:16:29.063Z - info: [00:16:29] Reload for file change: /Users/damithch/Repos/nus-cs2103/cs2103-website-base/book/uml/classDiagrams/dependencies/what/text.md
2026-01-01T16:16:29.065Z - info: Synchronizing opened pages list before reload
2026-01-01T16:16:29.066Z - info: Current opened pages, from most-to-least recent:
2026-01-01T16:16:29.066Z - info: 1. se-book-adapted/chapters/modeling
2026-01-01T16:16:30.094Z - info: Rebuilding 1 pages
2026-01-01T16:16:30.783Z - info: Site data built
2026-01-01T16:16:30.783Z - info: Pages rebuilt
2026-01-01T16:16:30.783Z - info: Website regeneration complete! Total build time: 0.699s
2026-01-01T16:17:39.472Z - info: [00:17:39] Reload for file change: /Users/damithch/Repos/nus-cs2103/cs2103-website-base/book/uml/classDiagrams/dependencies/what/text.md
2026-01-01T16:17:39.479Z - info: Synchronizing opened pages list before reload
2026-01-01T16:17:39.489Z - info: Current opened pages, from most-to-least recent:
2026-01-01T16:17:39.492Z - info: 1. se-book-adapted/chapters/modeling
2026-01-01T16:17:40.517Z - info: Rebuilding 1 pages
2026-01-01T16:17:41.302Z - info: Site data built
2026-01-01T16:17:41.302Z - info: Pages rebuilt
2026-01-01T16:17:41.302Z - info: Website regeneration complete! Total build time: 0.789s
2026-01-01T16:17:54.778Z - info: [00:17:54] Reload for file change: /Users/damithch/Repos/nus-cs2103/cs2103-website-base/book/uml/classDiagrams/dependencies/what/text.md
2026-01-01T16:17:54.778Z - info: Synchronizing opened pages list before reload
2026-01-01T16:17:54.778Z - info: Current opened pages, from most-to-least recent:
2026-01-01T16:17:54.778Z - info: 1. se-book-adapted/chapters/modeling
2026-01-01T16:17:55.789Z - info: Rebuilding 1 pages
2026-01-01T16:17:56.539Z - info: Site data built
2026-01-01T16:17:56.539Z - info: Pages rebuilt
2026-01-01T16:17:56.539Z - info: Website regeneration complete! Total build time: 0.752s
2026-01-01T16:23:18.350Z - info: [00:23:18] Reload for file add: /Users/damithch/Repos/nus-cs2103/cs2103-website-base/book/uml/classDiagrams/dependencies/what/images/incorrectDependencyWithAssociation.puml
2026-01-01T16:23:18.351Z - info: Synchronizing opened pages list before reload
2026-01-01T16:23:18.351Z - info: Current opened pages, from most-to-least recent:
2026-01-01T16:23:18.352Z - info: 1. se-book-adapted/chapters/modeling
2026-01-01T16:23:19.527Z - info: Assets built
2026-01-01T16:24:04.924Z - info: [00:24:04] Reload for file change: /Users/damithch/Repos/nus-cs2103/cs2103-website-base/book/uml/classDiagrams/dependencies/what/text.md
2026-01-01T16:24:04.927Z - info: Synchronizing opened pages list before reload
2026-01-01T16:24:04.930Z - info: Current opened pages, from most-to-least recent:
2026-01-01T16:24:04.930Z - info: 1. se-book-adapted/chapters/modeling
2026-01-01T16:24:04.939Z - info: [00:24:04] Reload for file change: /Users/damithch/Repos/nus-cs2103/cs2103-website-base/book/uml/classDiagrams/dependencies/what/images/incorrectDependencyWithAssociation.puml
2026-01-01T16:24:04.939Z - info: Synchronizing opened pages list before reload
2026-01-01T16:24:04.939Z - info: Current opened pages, from most-to-least recent:
2026-01-01T16:24:04.939Z - info: 1. se-book-adapted/chapters/modeling
2026-01-01T16:24:05.940Z - info: Rebuilding 1 pages
2026-01-01T16:24:06.648Z - info: Assets built
2026-01-01T16:24:06.702Z - info: Site data built
2026-01-01T16:24:06.702Z - info: Pages rebuilt
2026-01-01T16:24:06.702Z - info: Website regeneration complete! Total build time: 0.763s
2026-01-01T16:24:26.425Z - info: [00:24:26] Reload for file change: /Users/damithch/Repos/nus-cs2103/cs2103-website-base/book/uml/classDiagrams/dependencies/what/text.md
2026-01-01T16:24:26.426Z - info: Synchronizing opened pages list before reload
2026-01-01T16:24:26.426Z - info: Current opened pages, from most-to-least recent:
2026-01-01T16:24:26.426Z - info: 1. se-book-adapted/chapters/modeling
2026-01-01T16:24:27.439Z - info: Rebuilding 1 pages
2026-01-01T16:24:29.136Z - debug:  
2026-01-01T16:24:29.282Z - info: Site data built
2026-01-01T16:24:29.282Z - info: Pages rebuilt
2026-01-01T16:24:29.282Z - info: Website regeneration complete! Total build time: 1.845s
2026-01-01T16:24:50.792Z - info: [00:24:50] Reload for file add: /Users/damithch/Repos/nus-cs2103/cs2103-website-base/book/uml/classDiagrams/dependencies/what/images/correctDependencyWithAssociation.puml
2026-01-01T16:24:50.794Z - info: Synchronizing opened pages list before reload
2026-01-01T16:24:50.794Z - info: Current opened pages, from most-to-least recent:
2026-01-01T16:24:50.794Z - info: 1. se-book-adapted/chapters/modeling
2026-01-01T16:24:51.949Z - info: Assets built
2026-01-01T16:26:27.895Z - info: [00:26:27] Reload for file change: /Users/damithch/Repos/nus-cs2103/cs2103-website-base/book/uml/classDiagrams/dependencies/what/text.md
2026-01-01T16:26:27.897Z - info: Synchronizing opened pages list before reload
2026-01-01T16:26:27.898Z - info: Current opened pages, from most-to-least recent:
2026-01-01T16:26:27.898Z - info: 1. se-book-adapted/chapters/modeling
2026-01-01T16:26:27.902Z - info: [00:26:27] Reload for file change: /Users/damithch/Repos/nus-cs2103/cs2103-website-base/book/uml/classDiagrams/dependencies/what/images/correctDependencyWithAssociation.puml
2026-01-01T16:26:27.902Z - info: Synchronizing opened pages list before reload
2026-01-01T16:26:27.902Z - info: Current opened pages, from most-to-least recent:
2026-01-01T16:26:27.903Z - info: 1. se-book-adapted/chapters/modeling
2026-01-01T16:26:28.909Z - info: Rebuilding 1 pages
2026-01-01T16:26:29.679Z - info: Assets built
2026-01-01T16:26:30.123Z - debug:  
2026-01-01T16:26:30.235Z - info: Site data built
2026-01-01T16:26:30.235Z - info: Pages rebuilt
2026-01-01T16:26:30.236Z - info: Website regeneration complete! Total build time: 1.33s
2026-01-01T16:29:22.065Z - info: [00:29:22] Reload for file change: /Users/damithch/Repos/nus-cs2103/cs2103-website-base/book/uml/classDiagrams/dependencies/what/text.md
2026-01-01T16:29:22.068Z - info: Synchronizing opened pages list before reload
2026-01-01T16:29:22.069Z - info: Current opened pages, from most-to-least recent:
2026-01-01T16:29:22.069Z - info: 1. se-book-adapted/chapters/modeling
2026-01-01T16:29:23.083Z - info: Rebuilding 1 pages
2026-01-01T16:29:23.849Z - info: Site data built
2026-01-01T16:29:23.849Z - info: Pages rebuilt
2026-01-01T16:29:23.849Z - info: Website regeneration complete! Total build time: 0.775s
2026-01-01T16:29:37.418Z - info: [00:29:37] Reload for file change: /Users/damithch/Repos/nus-cs2103/cs2103-website-base/book/uml/classDiagrams/dependencies/what/text.md
2026-01-01T16:29:37.418Z - info: Synchronizing opened pages list before reload
2026-01-01T16:29:37.418Z - info: Current opened pages, from most-to-least recent:
2026-01-01T16:29:37.418Z - info: 1. se-book-adapted/chapters/modeling
2026-01-01T16:29:38.423Z - info: Rebuilding 1 pages
2026-01-01T16:29:39.188Z - info: Site data built
2026-01-01T16:29:39.188Z - info: Pages rebuilt
2026-01-01T16:29:39.188Z - info: Website regeneration complete! Total build time: 0.768s
2026-01-01T16:30:20.533Z - info: [00:30:20] Reload for file change: /Users/damithch/Repos/nus-cs2103/cs2103-website-base/book/uml/classDiagrams/dependencies/what/text.md
2026-01-01T16:30:20.541Z - info: Synchronizing opened pages list before reload
2026-01-01T16:30:20.542Z - info: Current opened pages, from most-to-least recent:
2026-01-01T16:30:20.542Z - info: 1. se-book-adapted/chapters/modeling
2026-01-01T16:30:21.551Z - info: Rebuilding 1 pages
2026-01-01T16:30:22.344Z - info: Site data built
2026-01-01T16:30:22.344Z - info: Pages rebuilt
2026-01-01T16:30:22.344Z - info: Website regeneration complete! Total build time: 0.796s
2026-01-01T16:30:49.146Z - info: [00:30:49] Reload for file change: /Users/damithch/Repos/nus-cs2103/cs2103-website-base/book/uml/classDiagrams/dependencies/what/text.md
2026-01-01T16:30:49.147Z - info: Synchronizing opened pages list before reload
2026-01-01T16:30:49.148Z - info: Current opened pages, from most-to-least recent:
2026-01-01T16:30:49.148Z - info: 1. se-book-adapted/chapters/modeling
2026-01-01T16:30:50.155Z - info: Rebuilding 1 pages
2026-01-01T16:30:50.928Z - info: Site data built
2026-01-01T16:30:50.928Z - info: Pages rebuilt
2026-01-01T16:30:50.928Z - info: Website regeneration complete! Total build time: 0.776s
2026-01-01T16:31:13.283Z - info: [00:31:13] Reload for file change: /Users/damithch/Repos/nus-cs2103/cs2103-website-base/book/uml/classDiagrams/dependencies/what/text.md
2026-01-01T16:31:13.284Z - info: Synchronizing opened pages list before reload
2026-01-01T16:31:13.285Z - info: Current opened pages, from most-to-least recent:
2026-01-01T16:31:13.285Z - info: 1. se-book-adapted/chapters/modeling
2026-01-01T16:31:14.293Z - info: Rebuilding 1 pages
2026-01-01T16:31:15.055Z - info: Site data built
2026-01-01T16:31:15.055Z - info: Pages rebuilt
2026-01-01T16:31:15.055Z - info: Website regeneration complete! Total build time: 0.764s
2026-01-01T16:31:27.614Z - info: [00:31:27] Reload for file change: /Users/damithch/Repos/nus-cs2103/cs2103-website-base/book/uml/classDiagrams/dependencies/what/text.md
2026-01-01T16:31:27.615Z - info: Synchronizing opened pages list before reload
2026-01-01T16:31:27.615Z - info: Current opened pages, from most-to-least recent:
2026-01-01T16:31:27.615Z - info: 1. se-book-adapted/chapters/modeling
2026-01-01T16:31:28.627Z - info: Rebuilding 1 pages
2026-01-01T16:31:29.367Z - info: Site data built
2026-01-01T16:31:29.367Z - info: Pages rebuilt
2026-01-01T16:31:29.367Z - info: Website regeneration complete! Total build time: 0.743s
2026-01-01T16:32:45.629Z - info: [00:32:45] Reload for file change: /Users/damithch/Repos/nus-cs2103/cs2103-website-base/book/uml/classDiagrams/dependencies/what/text.md
2026-01-01T16:32:45.631Z - info: Synchronizing opened pages list before reload
2026-01-01T16:32:45.633Z - info: Current opened pages, from most-to-least recent:
2026-01-01T16:32:45.633Z - info: 1. se-book-adapted/chapters/modeling
2026-01-01T16:32:46.641Z - info: Rebuilding 1 pages
2026-01-01T16:32:47.410Z - info: Site data built
2026-01-01T16:32:47.410Z - info: Pages rebuilt
2026-01-01T16:32:47.410Z - info: Website regeneration complete! Total build time: 0.771s
2026-01-01T16:41:38.837Z - info: [00:41:38] Reload for file change: /Users/damithch/Repos/nus-cs2103/cs2103-website-base/book/testCaseDesign/boundaryValueAnalysis/how/text.md
2026-01-01T16:41:38.846Z - info: Synchronizing opened pages list before reload
2026-01-01T16:41:38.848Z - info: Current opened pages, from most-to-least recent:
2026-01-01T16:41:38.849Z - info: 1. se-book-adapted/chapters/modeling
2026-01-01T16:41:39.873Z - info: Assets built
2026-01-01T16:41:45.757Z - info: Building /Users/damithch/Repos/nus-cs2103/cs2103-website-base/se-book-adapted/chapters/testing as some of its dependencies were changed since the last visit
2026-01-01T16:41:46.277Z - info: Site data built
2026-01-01T16:41:46.277Z - info: Lazy website regeneration complete! Total build time: 0.521s
2026-01-01T16:42:02.264Z - info: Building /Users/damithch/Repos/nus-cs2103/cs2103-website-base/se-book-adapted/chapters/testCaseDesign as some of its dependencies were changed since the last visit
2026-01-01T16:42:02.641Z - info: Site data built
2026-01-01T16:42:02.641Z - info: Lazy website regeneration complete! Total build time: 0.377s
2026-01-01T16:42:29.649Z - info: [00:42:29] Reload for file change: /Users/damithch/Repos/nus-cs2103/cs2103-website-base/book/testCaseDesign/boundaryValueAnalysis/how/text.md
2026-01-01T16:42:29.650Z - info: Synchronizing opened pages list before reload
2026-01-01T16:42:29.651Z - info: Current opened pages, from most-to-least recent:
2026-01-01T16:42:29.651Z - info: 1. se-book-adapted/chapters/testCaseDesign
2026-01-01T16:42:30.659Z - info: Rebuilding 1 pages
2026-01-01T16:42:31.018Z - info: Site data built
2026-01-01T16:42:31.018Z - info: Pages rebuilt
2026-01-01T16:42:31.018Z - info: Website regeneration complete! Total build time: 0.361s
2026-01-01T16:45:22.928Z - info: [00:45:22] Reload for file change: /Users/damithch/Repos/nus-cs2103/cs2103-website-base/book/testCaseDesign/boundaryValueAnalysis/how/text.md
2026-01-01T16:45:22.932Z - info: Synchronizing opened pages list before reload
2026-01-01T16:45:22.933Z - info: Current opened pages, from most-to-least recent:
2026-01-01T16:45:22.934Z - info: 1. se-book-adapted/chapters/testCaseDesign
2026-01-01T16:45:23.946Z - info: Rebuilding 1 pages
2026-01-01T16:45:24.335Z - info: Site data built
2026-01-01T16:45:24.335Z - info: Pages rebuilt
2026-01-01T16:45:24.335Z - info: Website regeneration complete! Total build time: 0.392s
2026-01-01T17:03:18.511Z - info: [01:03:18] Reload for file change: /Users/damithch/Repos/nus-cs2103/cs2103-website-base/book/testCaseDesign/boundaryValueAnalysis/how/text.md
2026-01-01T17:03:18.517Z - info: Synchronizing opened pages list before reload
2026-01-01T17:03:18.518Z - info: Current opened pages, from most-to-least recent:
2026-01-01T17:03:18.519Z - info: 1. se-book-adapted/chapters/testCaseDesign
2026-01-01T17:03:19.546Z - info: Rebuilding 1 pages
2026-01-01T17:03:19.930Z - info: Site data built
2026-01-01T17:03:19.930Z - info: Pages rebuilt
2026-01-01T17:03:19.930Z - info: Website regeneration complete! Total build time: 0.407s
2026-01-01T17:04:31.323Z - info: [01:04:31] Reload for file change: /Users/damithch/Repos/nus-cs2103/cs2103-website-base/book/testCaseDesign/boundaryValueAnalysis/how/text.md
2026-01-01T17:04:31.325Z - info: Synchronizing opened pages list before reload
2026-01-01T17:04:31.327Z - info: Current opened pages, from most-to-least recent:
2026-01-01T17:04:31.328Z - info: 1. se-book-adapted/chapters/testCaseDesign
2026-01-01T17:04:32.344Z - info: Rebuilding 1 pages
2026-01-01T17:04:32.714Z - info: Site data built
2026-01-01T17:04:32.714Z - info: Pages rebuilt
2026-01-01T17:04:32.714Z - info: Website regeneration complete! Total build time: 0.373s
2026-01-01T17:05:18.500Z - info: [01:05:18] Reload for file change: /Users/damithch/Repos/nus-cs2103/cs2103-website-base/book/testCaseDesign/boundaryValueAnalysis/how/text.md
2026-01-01T17:05:18.502Z - info: Synchronizing opened pages list before reload
2026-01-01T17:05:18.503Z - info: Current opened pages, from most-to-least recent:
2026-01-01T17:05:18.504Z - info: 1. se-book-adapted/chapters/testCaseDesign
2026-01-01T17:05:19.519Z - info: Rebuilding 1 pages
2026-01-01T17:05:19.884Z - info: Site data built
2026-01-01T17:05:19.884Z - info: Pages rebuilt
2026-01-01T17:05:19.884Z - info: Website regeneration complete! Total build time: 0.369s
2026-01-01T17:10:03.800Z - info: [01:10:03] Reload for file add: /Users/damithch/Repos/nus-cs2103/cs2103-website-base/book/uml/stereotypes/index.md
2026-01-01T17:10:03.800Z - info: Synchronizing opened pages list before reload
2026-01-01T17:10:03.801Z - info: Current opened pages, from most-to-least recent:
2026-01-01T17:10:03.801Z - info: 1. se-book-adapted/chapters/testCaseDesign
2026-01-01T17:10:03.801Z - info: [01:10:03] Reload for file add: /Users/damithch/Repos/nus-cs2103/cs2103-website-base/book/uml/stereotypes/path.md
2026-01-01T17:10:03.801Z - info: Synchronizing opened pages list before reload
2026-01-01T17:10:03.801Z - info: Current opened pages, from most-to-least recent:
2026-01-01T17:10:03.801Z - info: 1. se-book-adapted/chapters/testCaseDesign
2026-01-01T17:10:03.802Z - info: [01:10:03] Reload for file add: /Users/damithch/Repos/nus-cs2103/cs2103-website-base/book/uml/stereotypes/text.md
2026-01-01T17:10:03.802Z - info: Synchronizing opened pages list before reload
2026-01-01T17:10:03.802Z - info: Current opened pages, from most-to-least recent:
2026-01-01T17:10:03.802Z - info: 1. se-book-adapted/chapters/testCaseDesign
2026-01-01T17:10:04.115Z - info: [01:10:04] Reload for file add: /Users/damithch/Repos/nus-cs2103/cs2103-website-base/book/uml/stereotypes/constraints/index.md
2026-01-01T17:10:04.115Z - info: Synchronizing opened pages list before reload
2026-01-01T17:10:04.115Z - info: Current opened pages, from most-to-least recent:
2026-01-01T17:10:04.115Z - info: 1. se-book-adapted/chapters/testCaseDesign
2026-01-01T17:10:04.115Z - info: [01:10:04] Reload for file add: /Users/damithch/Repos/nus-cs2103/cs2103-website-base/book/uml/stereotypes/constraints/text.md
2026-01-01T17:10:04.115Z - info: Synchronizing opened pages list before reload
2026-01-01T17:10:04.115Z - info: Current opened pages, from most-to-least recent:
2026-01-01T17:10:04.115Z - info: 1. se-book-adapted/chapters/testCaseDesign
2026-01-01T17:10:04.256Z - info: [01:10:04] Reload for file add: /Users/damithch/Repos/nus-cs2103/cs2103-website-base/book/uml/stereotypes/notes/index.md
2026-01-01T17:10:04.256Z - info: Synchronizing opened pages list before reload
2026-01-01T17:10:04.257Z - info: Current opened pages, from most-to-least recent:
2026-01-01T17:10:04.257Z - info: 1. se-book-adapted/chapters/testCaseDesign
2026-01-01T17:10:04.257Z - info: [01:10:04] Reload for file add: /Users/damithch/Repos/nus-cs2103/cs2103-website-base/book/uml/stereotypes/notes/text.md
2026-01-01T17:10:04.257Z - info: Synchronizing opened pages list before reload
2026-01-01T17:10:04.257Z - info: Current opened pages, from most-to-least recent:
2026-01-01T17:10:04.257Z - info: 1. se-book-adapted/chapters/testCaseDesign
2026-01-01T17:10:04.374Z - info: [01:10:04] Reload for file add: /Users/damithch/Repos/nus-cs2103/cs2103-website-base/book/uml/stereotypes/constraints/images/playerTurn.png
2026-01-01T17:10:04.374Z - info: Synchronizing opened pages list before reload
2026-01-01T17:10:04.374Z - info: Current opened pages, from most-to-least recent:
2026-01-01T17:10:04.374Z - info: 1. se-book-adapted/chapters/testCaseDesign
2026-01-01T17:10:04.423Z - info: [01:10:04] Reload for file add: /Users/damithch/Repos/nus-cs2103/cs2103-website-base/book/uml/stereotypes/notes/images/adminProfessor.png
2026-01-01T17:10:04.423Z - info: Synchronizing opened pages list before reload
2026-01-01T17:10:04.423Z - info: Current opened pages, from most-to-least recent:
2026-01-01T17:10:04.423Z - info: 1. se-book-adapted/chapters/testCaseDesign
2026-01-01T17:10:04.976Z - info: Pages or site config modified, updating pages...
2026-01-01T17:10:05.074Z - info: Assets built
2026-01-01T17:10:06.102Z - info: Building /Users/damithch/Repos/nus-cs2103/cs2103-website-base/se-book-adapted/chapters/testCaseDesign as some of its dependencies were changed since the last visit
2026-01-01T17:10:06.492Z - info: Site data built
2026-01-01T17:10:06.492Z - info: Lazy website regeneration complete! Total build time: 0.391s
2026-01-01T17:10:50.735Z - info: [01:10:50] Reload for file deletion: /Users/damithch/Repos/nus-cs2103/cs2103-website-base/book/uml/stereotypes/constraints/index.md
2026-01-01T17:10:50.735Z - info: Synchronizing opened pages list before reload
2026-01-01T17:10:50.735Z - info: Current opened pages, from most-to-least recent:
2026-01-01T17:10:50.735Z - info: 1. se-book-adapted/chapters/testCaseDesign
2026-01-01T17:10:50.748Z - info: [01:10:50] Reload for file deletion: /Users/damithch/Repos/nus-cs2103/cs2103-website-base/book/uml/stereotypes/path.md
2026-01-01T17:10:50.748Z - info: Synchronizing opened pages list before reload
2026-01-01T17:10:50.748Z - info: Current opened pages, from most-to-least recent:
2026-01-01T17:10:50.748Z - info: 1. se-book-adapted/chapters/testCaseDesign
2026-01-01T17:10:50.748Z - info: [01:10:50] Reload for file deletion: /Users/damithch/Repos/nus-cs2103/cs2103-website-base/book/uml/stereotypes/index.md
2026-01-01T17:10:50.748Z - info: Synchronizing opened pages list before reload
2026-01-01T17:10:50.748Z - info: Current opened pages, from most-to-least recent:
2026-01-01T17:10:50.748Z - info: 1. se-book-adapted/chapters/testCaseDesign
2026-01-01T17:10:50.749Z - info: [01:10:50] Reload for file deletion: /Users/damithch/Repos/nus-cs2103/cs2103-website-base/book/uml/stereotypes/text.md
2026-01-01T17:10:50.749Z - info: Synchronizing opened pages list before reload
2026-01-01T17:10:50.749Z - info: Current opened pages, from most-to-least recent:
2026-01-01T17:10:50.749Z - info: 1. se-book-adapted/chapters/testCaseDesign
2026-01-01T17:10:50.749Z - info: [01:10:50] Reload for file deletion: /Users/damithch/Repos/nus-cs2103/cs2103-website-base/book/uml/stereotypes/constraints/text.md
2026-01-01T17:10:50.749Z - info: Synchronizing opened pages list before reload
2026-01-01T17:10:50.750Z - info: Current opened pages, from most-to-least recent:
2026-01-01T17:10:50.750Z - info: 1. se-book-adapted/chapters/testCaseDesign
2026-01-01T17:10:51.169Z - info: [01:10:51] Reload for file deletion: /Users/damithch/Repos/nus-cs2103/cs2103-website-base/book/uml/stereotypes/constraints/images/playerTurn.png
2026-01-01T17:10:51.169Z - info: Synchronizing opened pages list before reload
2026-01-01T17:10:51.169Z - info: Current opened pages, from most-to-least recent:
2026-01-01T17:10:51.169Z - info: 1. se-book-adapted/chapters/testCaseDesign
2026-01-01T17:10:51.919Z - info: Pages or site config modified, updating pages...
2026-01-01T17:10:52.023Z - debug: Assets removed
2026-01-01T17:10:52.034Z - info: Building /Users/damithch/Repos/nus-cs2103/cs2103-website-base/se-book-adapted/chapters/testCaseDesign as some of its dependencies were changed since the last visit
2026-01-01T17:10:52.408Z - info: Site data built
2026-01-01T17:10:52.408Z - info: Lazy website regeneration complete! Total build time: 0.374s
2026-01-01T17:11:05.386Z - info: [01:11:05] Reload for file deletion: /Users/damithch/Repos/nus-cs2103/cs2103-website-base/book/uml/stereotypes/notes/text.md
2026-01-01T17:11:05.386Z - info: Synchronizing opened pages list before reload
2026-01-01T17:11:05.386Z - info: Current opened pages, from most-to-least recent:
2026-01-01T17:11:05.386Z - info: 1. se-book-adapted/chapters/testCaseDesign
2026-01-01T17:11:05.387Z - info: [01:11:05] Reload for file deletion: /Users/damithch/Repos/nus-cs2103/cs2103-website-base/book/uml/stereotypes/notes/index.md
2026-01-01T17:11:05.387Z - info: Synchronizing opened pages list before reload
2026-01-01T17:11:05.387Z - info: Current opened pages, from most-to-least recent:
2026-01-01T17:11:05.387Z - info: 1. se-book-adapted/chapters/testCaseDesign
2026-01-01T17:11:05.655Z - info: [01:11:05] Reload for file add: /Users/damithch/Repos/nus-cs2103/cs2103-website-base/book/uml/stereotypes/index.md
2026-01-01T17:11:05.655Z - info: Synchronizing opened pages list before reload
2026-01-01T17:11:05.655Z - info: Current opened pages, from most-to-least recent:
2026-01-01T17:11:05.655Z - info: 1. se-book-adapted/chapters/testCaseDesign
2026-01-01T17:11:05.751Z - info: [01:11:05] Reload for file add: /Users/damithch/Repos/nus-cs2103/cs2103-website-base/book/uml/stereotypes/text.md
2026-01-01T17:11:05.752Z - info: Synchronizing opened pages list before reload
2026-01-01T17:11:05.752Z - info: Current opened pages, from most-to-least recent:
2026-01-01T17:11:05.752Z - info: 1. se-book-adapted/chapters/testCaseDesign
2026-01-01T17:11:06.562Z - debug: Assets removed
2026-01-01T17:11:06.645Z - info: Pages or site config modified, updating pages...
2026-01-01T17:11:06.828Z - info: Assets built
2026-01-01T17:11:07.747Z - debug: Assets removed
2026-01-01T17:11:07.783Z - info: Building /Users/damithch/Repos/nus-cs2103/cs2103-website-base/se-book-adapted/chapters/testCaseDesign as some of its dependencies were changed since the last visit
2026-01-01T17:11:08.174Z - info: Site data built
2026-01-01T17:11:08.174Z - info: Lazy website regeneration complete! Total build time: 0.391s
2026-01-01T17:11:14.895Z - info: [01:11:14] Reload for file deletion: /Users/damithch/Repos/nus-cs2103/cs2103-website-base/book/uml/stereotypes/notes/images/adminProfessor.png
2026-01-01T17:11:14.896Z - info: Synchronizing opened pages list before reload
2026-01-01T17:11:14.896Z - info: Current opened pages, from most-to-least recent:
2026-01-01T17:11:14.896Z - info: 1. se-book-adapted/chapters/testCaseDesign
2026-01-01T17:11:15.982Z - debug: Assets removed
2026-01-01T17:12:13.056Z - info: [01:12:13] Reload for file change: /Users/damithch/Repos/nus-cs2103/cs2103-website-base/book/uml/stereotypes/text.md
2026-01-01T17:12:13.062Z - info: Synchronizing opened pages list before reload
2026-01-01T17:12:13.071Z - info: Current opened pages, from most-to-least recent:
2026-01-01T17:12:13.073Z - info: 1. se-book-adapted/chapters/testCaseDesign
2026-01-01T17:12:14.097Z - info: Assets built
2026-01-01T17:13:34.047Z - info: [01:13:34] Reload for file change: /Users/damithch/Repos/nus-cs2103/cs2103-website-base/book/uml/stereotypes/text.md
2026-01-01T17:13:34.048Z - info: Synchronizing opened pages list before reload
2026-01-01T17:13:34.049Z - info: Current opened pages, from most-to-least recent:
2026-01-01T17:13:34.050Z - info: 1. se-book-adapted/chapters/testCaseDesign
2026-01-01T17:13:35.059Z - info: Assets built
2026-01-01T17:13:51.803Z - info: Building /Users/damithch/Repos/nus-cs2103/cs2103-website-base/se-book-adapted/chapters/modeling as some of its dependencies were changed since the last visit
2026-01-01T17:13:52.585Z - info: Site data built
2026-01-01T17:13:52.585Z - info: Lazy website regeneration complete! Total build time: 0.783s
2026-01-01T17:15:12.768Z - info: [01:15:12] Reload for file deletion: /Users/damithch/Repos/nus-cs2103/cs2103-website-base/book/uml/stereotypes/text.md
2026-01-01T17:15:12.772Z - info: Synchronizing opened pages list before reload
2026-01-01T17:15:12.773Z - info: Current opened pages, from most-to-least recent:
2026-01-01T17:15:12.773Z - info: 1. se-book-adapted/chapters/modeling
2026-01-01T17:15:12.776Z - info: [01:15:12] Reload for file deletion: /Users/damithch/Repos/nus-cs2103/cs2103-website-base/book/uml/stereotypes/index.md
2026-01-01T17:15:12.776Z - info: Synchronizing opened pages list before reload
2026-01-01T17:15:12.776Z - info: Current opened pages, from most-to-least recent:
2026-01-01T17:15:12.776Z - info: 1. se-book-adapted/chapters/modeling
2026-01-01T17:15:13.017Z - info: [01:15:13] Reload for file add: /Users/damithch/Repos/nus-cs2103/cs2103-website-base/book/uml/stereotypes/what/index.md
2026-01-01T17:15:13.017Z - info: Synchronizing opened pages list before reload
2026-01-01T17:15:13.017Z - info: Current opened pages, from most-to-least recent:
2026-01-01T17:15:13.017Z - info: 1. se-book-adapted/chapters/modeling
2026-01-01T17:15:13.017Z - info: [01:15:13] Reload for file add: /Users/damithch/Repos/nus-cs2103/cs2103-website-base/book/uml/stereotypes/what/text.md
2026-01-01T17:15:13.017Z - info: Synchronizing opened pages list before reload
2026-01-01T17:15:13.017Z - info: Current opened pages, from most-to-least recent:
2026-01-01T17:15:13.017Z - info: 1. se-book-adapted/chapters/modeling
2026-01-01T17:15:13.950Z - debug: Assets removed
2026-01-01T17:15:14.008Z - info: Pages or site config modified, updating pages...
2026-01-01T17:15:14.159Z - info: Assets built
2026-01-01T17:15:15.109Z - debug: Assets removed
2026-01-01T17:15:15.143Z - info: Building /Users/damithch/Repos/nus-cs2103/cs2103-website-base/se-book-adapted/chapters/modeling as some of its dependencies were changed since the last visit
2026-01-01T17:15:16.033Z - info: Site data built
2026-01-01T17:15:16.033Z - info: Lazy website regeneration complete! Total build time: 0.89s
2026-01-01T17:15:29.914Z - info: [01:15:29] Reload for file add: /Users/damithch/Repos/nus-cs2103/cs2103-website-base/book/uml/stereotypes/index.md
2026-01-01T17:15:29.915Z - info: Synchronizing opened pages list before reload
2026-01-01T17:15:29.915Z - info: Current opened pages, from most-to-least recent:
2026-01-01T17:15:29.915Z - info: 1. se-book-adapted/chapters/modeling
2026-01-01T17:15:29.916Z - info: [01:15:29] Reload for file add: /Users/damithch/Repos/nus-cs2103/cs2103-website-base/book/uml/stereotypes/path.md
2026-01-01T17:15:29.916Z - info: Synchronizing opened pages list before reload
2026-01-01T17:15:29.916Z - info: Current opened pages, from most-to-least recent:
2026-01-01T17:15:29.916Z - info: 1. se-book-adapted/chapters/modeling
2026-01-01T17:15:29.916Z - info: [01:15:29] Reload for file add: /Users/damithch/Repos/nus-cs2103/cs2103-website-base/book/uml/stereotypes/text.md
2026-01-01T17:15:29.917Z - info: Synchronizing opened pages list before reload
2026-01-01T17:15:29.917Z - info: Current opened pages, from most-to-least recent:
2026-01-01T17:15:29.917Z - info: 1. se-book-adapted/chapters/modeling
2026-01-01T17:15:31.042Z - info: Pages or site config modified, updating pages...
2026-01-01T17:15:31.152Z - info: Assets built
2026-01-01T17:15:32.180Z - info: Building /Users/damithch/Repos/nus-cs2103/cs2103-website-base/se-book-adapted/chapters/modeling as some of its dependencies were changed since the last visit
2026-01-01T17:15:33.059Z - info: Site data built
2026-01-01T17:15:33.059Z - info: Lazy website regeneration complete! Total build time: 0.879s
2026-01-01T17:16:18.102Z - info: [01:16:18] Reload for file change: /Users/damithch/Repos/nus-cs2103/cs2103-website-base/book/uml/stereotypes/index.md
2026-01-01T17:16:18.104Z - info: Synchronizing opened pages list before reload
2026-01-01T17:16:18.104Z - info: Current opened pages, from most-to-least recent:
2026-01-01T17:16:18.105Z - info: 1. se-book-adapted/chapters/modeling
2026-01-01T17:16:18.106Z - info: [01:16:18] Reload for file change: /Users/damithch/Repos/nus-cs2103/cs2103-website-base/book/uml/stereotypes/text.md
2026-01-01T17:16:18.107Z - info: Synchronizing opened pages list before reload
2026-01-01T17:16:18.107Z - info: Current opened pages, from most-to-least recent:
2026-01-01T17:16:18.107Z - info: 1. se-book-adapted/chapters/modeling
2026-01-01T17:16:19.118Z - info: No pages needed to be rebuilt
2026-01-01T17:16:19.126Z - info: Assets built
2026-01-01T17:17:48.489Z - info: [01:17:48] Reload for file change: /Users/damithch/Repos/nus-cs2103/cs2103-website-base/_course-CS2103/textbookTopics-fragment.md
2026-01-01T17:17:48.490Z - info: Synchronizing opened pages list before reload
2026-01-01T17:17:48.490Z - info: Current opened pages, from most-to-least recent:
2026-01-01T17:17:48.491Z - info: 1. se-book-adapted/chapters/modeling
2026-01-01T17:17:49.613Z - info: Rebuilding 1 pages
2026-01-01T17:17:50.318Z - info: Site data built
2026-01-01T17:17:50.318Z - info: Pages rebuilt
2026-01-01T17:17:50.318Z - info: Website regeneration complete! Total build time: 0.705s
2026-01-01T17:18:54.316Z - info: [01:18:54] Reload for file change: /Users/damithch/Repos/nus-cs2103/cs2103-website-base/book/uml/text.md
2026-01-01T17:18:54.318Z - info: Synchronizing opened pages list before reload
2026-01-01T17:18:54.319Z - info: Current opened pages, from most-to-least recent:
2026-01-01T17:18:54.319Z - info: 1. se-book-adapted/chapters/modeling
2026-01-01T17:18:55.326Z - info: Assets built
2026-01-01T17:24:31.016Z - info: [01:24:31] Reload for file add: /Users/damithch/Repos/nus-cs2103/cs2103-website-base/book/modeling/modelingStructures/customisingUml/index.md
2026-01-01T17:24:31.017Z - info: Synchronizing opened pages list before reload
2026-01-01T17:24:31.017Z - info: Current opened pages, from most-to-least recent:
2026-01-01T17:24:31.018Z - info: 1. se-book-adapted/chapters/modeling
2026-01-01T17:24:31.018Z - info: [01:24:31] Reload for file add: /Users/damithch/Repos/nus-cs2103/cs2103-website-base/book/modeling/modelingStructures/customisingUml/text.md
2026-01-01T17:24:31.019Z - info: Synchronizing opened pages list before reload
2026-01-01T17:24:31.019Z - info: Current opened pages, from most-to-least recent:
2026-01-01T17:24:31.019Z - info: 1. se-book-adapted/chapters/modeling
2026-01-01T17:24:32.176Z - info: Pages or site config modified, updating pages...
2026-01-01T17:24:32.272Z - info: Assets built
2026-01-01T17:24:33.315Z - info: Building /Users/damithch/Repos/nus-cs2103/cs2103-website-base/se-book-adapted/chapters/modeling as some of its dependencies were changed since the last visit
2026-01-01T17:24:34.204Z - info: Site data built
2026-01-01T17:24:34.204Z - info: Lazy website regeneration complete! Total build time: 0.889s
2026-01-01T17:26:33.841Z - info: [01:26:33] Reload for file change: /Users/damithch/Repos/nus-cs2103/cs2103-website-base/book/modeling/modelingStructures/customisingUml/text.md
2026-01-01T17:26:33.842Z - info: Synchronizing opened pages list before reload
2026-01-01T17:26:33.843Z - info: Current opened pages, from most-to-least recent:
2026-01-01T17:26:33.843Z - info: 1. se-book-adapted/chapters/modeling
2026-01-01T17:26:33.948Z - info: [01:26:33] Reload for file change: /Users/damithch/Repos/nus-cs2103/cs2103-website-base/book/modeling/modelingStructures/customisingUml/index.md
2026-01-01T17:26:33.948Z - info: Synchronizing opened pages list before reload
2026-01-01T17:26:33.949Z - info: Current opened pages, from most-to-least recent:
2026-01-01T17:26:33.949Z - info: 1. se-book-adapted/chapters/modeling
2026-01-01T17:26:34.852Z - info: Assets built
2026-01-01T17:26:34.966Z - info: No pages needed to be rebuilt
2026-01-01T17:27:30.747Z - info: [01:27:30] Reload for file change: /Users/damithch/Repos/nus-cs2103/cs2103-website-base/book/modeling/modelingStructures/text.md
2026-01-01T17:27:30.748Z - info: Synchronizing opened pages list before reload
2026-01-01T17:27:30.748Z - info: Current opened pages, from most-to-least recent:
2026-01-01T17:27:30.748Z - info: 1. se-book-adapted/chapters/modeling
2026-01-01T17:27:31.766Z - info: Rebuilding 1 pages
2026-01-01T17:27:32.557Z - info: Site data built
2026-01-01T17:27:32.557Z - info: Pages rebuilt
2026-01-01T17:27:32.557Z - info: Website regeneration complete! Total build time: 0.794s
2026-01-01T17:28:58.803Z - info: [01:28:58] Reload for file change: /Users/damithch/Repos/nus-cs2103/cs2103-website-base/book/modeling/modelingStructures/customisingUml/text.md
2026-01-01T17:28:58.810Z - info: Synchronizing opened pages list before reload
2026-01-01T17:28:58.812Z - info: Current opened pages, from most-to-least recent:
2026-01-01T17:28:58.814Z - info: 1. se-book-adapted/chapters/modeling
2026-01-01T17:28:59.828Z - info: Assets built
2026-01-01T17:32:32.798Z - info: [01:32:32] Reload for file change: /Users/damithch/Repos/nus-cs2103/cs2103-website-base/_course-CS2103/weeklyTextbookTopics-fragment.md
2026-01-01T17:32:32.805Z - info: Synchronizing opened pages list before reload
2026-01-01T17:32:32.808Z - info: Current opened pages, from most-to-least recent:
2026-01-01T17:32:32.808Z - info: 1. se-book-adapted/chapters/modeling
2026-01-01T17:32:33.822Z - info: Assets built
2026-01-01T17:32:39.812Z - info: Building /Users/damithch/Repos/nus-cs2103/cs2103-website-base/schedule/week4/index as some of its dependencies were changed since the last visit
2026-01-01T17:32:40.040Z - error: No such file: /Users/damithch/Repos/nus-cs2103/cs2103-website-base/book/uml/steretypes/path.md
Missing reference in /Users/damithch/Repos/nus-cs2103/cs2103-website-base/schedule/week4/topics.md
2026-01-01T17:32:40.040Z - error: No such file: /Users/damithch/Repos/nus-cs2103/cs2103-website-base/book/uml/steretypes/what/text.md
Missing reference in /Users/damithch/Repos/nus-cs2103/cs2103-website-base/schedule/week4/topics.md
2026-01-01T17:32:40.323Z - info: Site data built
2026-01-01T17:32:40.323Z - info: Lazy website regeneration complete! Total build time: 0.511s
2026-01-01T17:32:43.200Z - info: Building /Users/damithch/Repos/nus-cs2103/cs2103-website-base/schedule/week4/topics as some of its dependencies were changed since the last visit
2026-01-01T17:32:43.311Z - error: No such file: /Users/damithch/Repos/nus-cs2103/cs2103-website-base/book/uml/steretypes/path.md
Missing reference in /Users/damithch/Repos/nus-cs2103/cs2103-website-base/schedule/week4/topics.md
2026-01-01T17:32:43.312Z - error: No such file: /Users/damithch/Repos/nus-cs2103/cs2103-website-base/book/uml/steretypes/what/text.md
Missing reference in /Users/damithch/Repos/nus-cs2103/cs2103-website-base/schedule/week4/topics.md
2026-01-01T17:32:43.419Z - error: No such file: /Users/damithch/Repos/nus-cs2103/cs2103-website-base/book/uml/steretypes/path.md
Missing reference in /Users/damithch/Repos/nus-cs2103/cs2103-website-base/schedule/week4/topics.md
2026-01-01T17:32:43.420Z - error: No such file: /Users/damithch/Repos/nus-cs2103/cs2103-website-base/book/uml/steretypes/what/text.md
Missing reference in /Users/damithch/Repos/nus-cs2103/cs2103-website-base/schedule/week4/topics.md
2026-01-01T17:32:43.420Z - error: No such file: /Users/damithch/Repos/nus-cs2103/cs2103-website-base/book/uml/steretypes/what/text.md
Missing reference in /Users/damithch/Repos/nus-cs2103/cs2103-website-base/book/uml/steretypes/what/unit-inElsewhere-asPanelBody.md
2026-01-01T17:32:43.421Z - error: No such file: /Users/damithch/Repos/nus-cs2103/cs2103-website-base/book/uml/steretypes/what/text.md
Missing reference in /Users/damithch/Repos/nus-cs2103/cs2103-website-base/book/uml/steretypes/what/unit-inElsewhere-asPanelBody.md
2026-01-01T17:32:45.412Z - debug:  
2026-01-01T17:32:45.613Z - debug:  
2026-01-01T17:32:45.622Z - debug:  
2026-01-01T17:32:45.645Z - debug:  
2026-01-01T17:32:45.668Z - debug:  
2026-01-01T17:32:45.694Z - debug:  
2026-01-01T17:32:45.813Z - info: Site data built
2026-01-01T17:32:45.813Z - info: Lazy website regeneration complete! Total build time: 2.614s
2026-01-01T17:33:55.977Z - info: [01:33:55] Reload for file change: /Users/damithch/Repos/nus-cs2103/cs2103-website-base/_course-CS2103/weeklyTextbookTopics-fragment.md
2026-01-01T17:33:55.979Z - info: Synchronizing opened pages list before reload
2026-01-01T17:33:55.980Z - info: Current opened pages, from most-to-least recent:
2026-01-01T17:33:55.980Z - info: 1. schedule/week4/topics
2026-01-01T17:33:56.989Z - info: Rebuilding 1 pages
2026-01-01T17:33:57.754Z - info: Site data built
2026-01-01T17:33:57.754Z - info: Pages rebuilt
2026-01-01T17:33:57.754Z - info: Website regeneration complete! Total build time: 0.768s
2026-01-01T17:36:40.246Z - info: [01:36:40] Reload for file change: /Users/damithch/Repos/nus-cs2103/cs2103-website-base/book/uml/stereotypes/what/text.md
2026-01-01T17:36:40.253Z - info: Synchronizing opened pages list before reload
2026-01-01T17:36:40.256Z - info: Current opened pages, from most-to-least recent:
2026-01-01T17:36:40.258Z - info: 1. schedule/week4/topics
2026-01-01T17:36:41.314Z - info: Rebuilding 1 pages
2026-01-01T17:36:42.095Z - info: Site data built
2026-01-01T17:36:42.095Z - info: Pages rebuilt
2026-01-01T17:36:42.095Z - info: Website regeneration complete! Total build time: 0.785s
2026-01-01T17:38:28.106Z - info: [01:38:28] Reload for file change: /Users/damithch/Repos/nus-cs2103/cs2103-website-base/book/uml/stereotypes/what/text.md
2026-01-01T17:38:28.108Z - info: Synchronizing opened pages list before reload
2026-01-01T17:38:28.108Z - info: Current opened pages, from most-to-least recent:
2026-01-01T17:38:28.108Z - info: 1. schedule/week4/topics
2026-01-01T17:38:29.124Z - info: Rebuilding 1 pages
2026-01-01T17:38:30.454Z - debug:  
2026-01-01T17:38:30.546Z - info: Site data built
2026-01-01T17:38:30.546Z - info: Pages rebuilt
2026-01-01T17:38:30.546Z - info: Website regeneration complete! Total build time: 1.425s
2026-01-01T17:39:32.468Z - info: [01:39:32] Reload for file change: /Users/damithch/Repos/nus-cs2103/cs2103-website-base/book/uml/stereotypes/what/text.md
2026-01-01T17:39:32.469Z - info: Synchronizing opened pages list before reload
2026-01-01T17:39:32.470Z - info: Current opened pages, from most-to-least recent:
2026-01-01T17:39:32.470Z - info: 1. schedule/week4/topics
2026-01-01T17:39:33.477Z - info: Rebuilding 1 pages
2026-01-01T17:39:34.769Z - debug: ERROR
6
Syntax Error?
Some diagram description contains errors

2026-01-01T17:39:34.897Z - info: Site data built
2026-01-01T17:39:34.897Z - info: Pages rebuilt
2026-01-01T17:39:34.897Z - info: Website regeneration complete! Total build time: 1.422s
2026-01-01T17:40:02.719Z - info: [01:40:02] Reload for file change: /Users/damithch/Repos/nus-cs2103/cs2103-website-base/book/uml/stereotypes/what/text.md
2026-01-01T17:40:02.721Z - info: Synchronizing opened pages list before reload
2026-01-01T17:40:02.721Z - info: Current opened pages, from most-to-least recent:
2026-01-01T17:40:02.722Z - info: 1. schedule/week4/topics
2026-01-01T17:40:03.730Z - info: Rebuilding 1 pages
2026-01-01T17:40:05.010Z - debug:  
2026-01-01T17:40:05.100Z - info: Site data built
2026-01-01T17:40:05.101Z - info: Pages rebuilt
2026-01-01T17:40:05.101Z - info: Website regeneration complete! Total build time: 1.375s
2026-01-01T17:40:12.929Z - info: [01:40:12] Reload for file change: /Users/damithch/Repos/nus-cs2103/cs2103-website-base/book/uml/stereotypes/what/text.md
2026-01-01T17:40:12.930Z - info: Synchronizing opened pages list before reload
2026-01-01T17:40:12.930Z - info: Current opened pages, from most-to-least recent:
2026-01-01T17:40:12.930Z - info: 1. schedule/week4/topics
2026-01-01T17:40:13.935Z - info: Rebuilding 1 pages
2026-01-01T17:40:15.134Z - debug:  
2026-01-01T17:40:15.209Z - info: Site data built
2026-01-01T17:40:15.210Z - info: Pages rebuilt
2026-01-01T17:40:15.210Z - info: Website regeneration complete! Total build time: 1.277s
2026-01-01T17:40:43.331Z - info: [01:40:43] Reload for file change: /Users/damithch/Repos/nus-cs2103/cs2103-website-base/book/uml/stereotypes/what/text.md
2026-01-01T17:40:43.332Z - info: Synchronizing opened pages list before reload
2026-01-01T17:40:43.333Z - info: Current opened pages, from most-to-least recent:
2026-01-01T17:40:43.334Z - info: 1. schedule/week4/topics
2026-01-01T17:40:44.342Z - info: Rebuilding 1 pages
2026-01-01T17:40:45.604Z - debug:  
2026-01-01T17:40:45.665Z - info: Site data built
2026-01-01T17:40:45.665Z - info: Pages rebuilt
2026-01-01T17:40:45.665Z - info: Website regeneration complete! Total build time: 1.326s
2026-01-01T17:43:13.634Z - info: [01:43:13] Reload for file change: /Users/damithch/Repos/nus-cs2103/cs2103-website-base/book/uml/stereotypes/what/text.md
2026-01-01T17:43:13.635Z - info: Synchronizing opened pages list before reload
2026-01-01T17:43:13.635Z - info: Current opened pages, from most-to-least recent:
2026-01-01T17:43:13.636Z - info: 1. schedule/week4/topics
2026-01-01T17:43:14.640Z - info: Rebuilding 1 pages
2026-01-01T17:43:15.910Z - debug: ERROR
6
Syntax Error?
Some diagram description contains errors

2026-01-01T17:43:15.978Z - info: Site data built
2026-01-01T17:43:15.978Z - info: Pages rebuilt
2026-01-01T17:43:15.978Z - info: Website regeneration complete! Total build time: 1.339s
2026-01-01T17:43:51.371Z - info: [01:43:51] Reload for file change: /Users/damithch/Repos/nus-cs2103/cs2103-website-base/book/uml/stereotypes/what/text.md
2026-01-01T17:43:51.374Z - info: Synchronizing opened pages list before reload
2026-01-01T17:43:51.375Z - info: Current opened pages, from most-to-least recent:
2026-01-01T17:43:51.375Z - info: 1. schedule/week4/topics
2026-01-01T17:43:52.378Z - info: Rebuilding 1 pages
2026-01-01T17:43:53.133Z - info: Site data built
2026-01-01T17:43:53.133Z - info: Pages rebuilt
2026-01-01T17:43:53.133Z - info: Website regeneration complete! Total build time: 0.757s
2026-01-01T17:44:11.963Z - info: [01:44:11] Reload for file change: /Users/damithch/Repos/nus-cs2103/cs2103-website-base/book/uml/stereotypes/what/text.md
2026-01-01T17:44:11.964Z - info: Synchronizing opened pages list before reload
2026-01-01T17:44:11.964Z - info: Current opened pages, from most-to-least recent:
2026-01-01T17:44:11.964Z - info: 1. schedule/week4/topics
2026-01-01T17:44:12.968Z - info: Rebuilding 1 pages
2026-01-01T17:44:14.281Z - debug:  
2026-01-01T17:44:14.331Z - info: Site data built
2026-01-01T17:44:14.331Z - info: Pages rebuilt
2026-01-01T17:44:14.331Z - info: Website regeneration complete! Total build time: 1.365s
2026-01-01T17:44:35.670Z - info: [01:44:35] Reload for file change: /Users/damithch/Repos/nus-cs2103/cs2103-website-base/book/uml/stereotypes/what/text.md
2026-01-01T17:44:35.671Z - info: Synchronizing opened pages list before reload
2026-01-01T17:44:35.671Z - info: Current opened pages, from most-to-least recent:
2026-01-01T17:44:35.671Z - info: 1. schedule/week4/topics
2026-01-01T17:44:36.688Z - info: Rebuilding 1 pages
2026-01-01T17:44:37.982Z - debug: ERROR
6
Syntax Error?
Some diagram description contains errors

2026-01-01T17:44:38.054Z - info: Site data built
2026-01-01T17:44:38.054Z - info: Pages rebuilt
2026-01-01T17:44:38.054Z - info: Website regeneration complete! Total build time: 1.368s
2026-01-01T17:44:54.946Z - info: [01:44:54] Reload for file change: /Users/damithch/Repos/nus-cs2103/cs2103-website-base/book/uml/stereotypes/what/text.md
2026-01-01T17:44:54.946Z - info: Synchronizing opened pages list before reload
2026-01-01T17:44:54.946Z - info: Current opened pages, from most-to-least recent:
2026-01-01T17:44:54.946Z - info: 1. schedule/week4/topics
2026-01-01T17:44:55.949Z - info: Rebuilding 1 pages
2026-01-01T17:44:57.189Z - debug: ERROR
6
Syntax Error?
Some diagram description contains errors

2026-01-01T17:44:57.277Z - info: Site data built
2026-01-01T17:44:57.277Z - info: Pages rebuilt
2026-01-01T17:44:57.277Z - info: Website regeneration complete! Total build time: 1.329s
2026-01-01T17:45:41.111Z - info: [01:45:41] Reload for file change: /Users/damithch/Repos/nus-cs2103/cs2103-website-base/book/uml/stereotypes/what/text.md
2026-01-01T17:45:41.115Z - info: Synchronizing opened pages list before reload
2026-01-01T17:45:41.117Z - info: Current opened pages, from most-to-least recent:
2026-01-01T17:45:41.117Z - info: 1. schedule/week4/topics
2026-01-01T17:45:42.126Z - info: Rebuilding 1 pages
2026-01-01T17:45:43.436Z - debug:  
2026-01-01T17:45:43.558Z - info: Site data built
2026-01-01T17:45:43.558Z - info: Pages rebuilt
2026-01-01T17:45:43.558Z - info: Website regeneration complete! Total build time: 1.434s
2026-01-01T17:45:58.048Z - info: [01:45:58] Reload for file change: /Users/damithch/Repos/nus-cs2103/cs2103-website-base/book/uml/stereotypes/what/text.md
2026-01-01T17:45:58.049Z - info: Synchronizing opened pages list before reload
2026-01-01T17:45:58.049Z - info: Current opened pages, from most-to-least recent:
2026-01-01T17:45:58.049Z - info: 1. schedule/week4/topics
2026-01-01T17:45:59.068Z - info: Rebuilding 1 pages
2026-01-01T17:45:59.832Z - info: Site data built
2026-01-01T17:45:59.833Z - info: Pages rebuilt
2026-01-01T17:45:59.833Z - info: Website regeneration complete! Total build time: 0.767s
2026-01-01T17:49:55.617Z - info: [01:49:55] Reload for file change: /Users/damithch/Repos/nus-cs2103/cs2103-website-base/book/uml/stereotypes/what/text.md
2026-01-01T17:49:55.630Z - info: Synchronizing opened pages list before reload
2026-01-01T17:49:55.630Z - info: Current opened pages, from most-to-least recent:
2026-01-01T17:49:55.631Z - info: 1. schedule/week4/topics
2026-01-01T17:49:56.663Z - info: Rebuilding 1 pages
2026-01-01T17:49:57.570Z - info: Site data built
2026-01-01T17:49:57.570Z - info: Pages rebuilt
2026-01-01T17:49:57.570Z - info: Website regeneration complete! Total build time: 0.918s
2026-01-01T17:52:11.476Z - info: [01:52:11] Reload for file change: /Users/damithch/Repos/nus-cs2103/cs2103-website-base/book/uml/stereotypes/what/text.md
2026-01-01T17:52:11.477Z - info: Synchronizing opened pages list before reload
2026-01-01T17:52:11.478Z - info: Current opened pages, from most-to-least recent:
2026-01-01T17:52:11.478Z - info: 1. schedule/week4/topics
2026-01-01T17:52:12.489Z - info: Rebuilding 1 pages
2026-01-01T17:52:13.290Z - info: Site data built
2026-01-01T17:52:13.290Z - info: Pages rebuilt
2026-01-01T17:52:13.290Z - info: Website regeneration complete! Total build time: 0.807s
2026-01-01T17:53:06.650Z - info: [01:53:06] Reload for file change: /Users/damithch/Repos/nus-cs2103/cs2103-website-base/book/uml/stereotypes/what/text.md
2026-01-01T17:53:06.659Z - info: Synchronizing opened pages list before reload
2026-01-01T17:53:06.661Z - info: Current opened pages, from most-to-least recent:
2026-01-01T17:53:06.662Z - info: 1. schedule/week4/topics
2026-01-01T17:53:07.674Z - info: Rebuilding 1 pages
2026-01-01T17:53:08.483Z - info: Site data built
2026-01-01T17:53:08.483Z - info: Pages rebuilt
2026-01-01T17:53:08.483Z - info: Website regeneration complete! Total build time: 0.811s
2026-01-01T17:57:32.957Z - info: [01:57:32] Reload for file change: /Users/damithch/Repos/nus-cs2103/cs2103-website-base/_course-CS2113/weeklyTextbookTopics-fragment.md
2026-01-01T17:57:32.961Z - info: Synchronizing opened pages list before reload
2026-01-01T17:57:32.963Z - info: Current opened pages, from most-to-least recent:
2026-01-01T17:57:32.963Z - info: 1. schedule/week4/topics
2026-01-01T17:57:32.969Z - info: [01:57:32] Reload for file change: /Users/damithch/Repos/nus-cs2103/cs2103-website-base/_course-CS2113/textbookTopics-fragment.md
2026-01-01T17:57:32.970Z - info: Synchronizing opened pages list before reload
2026-01-01T17:57:32.970Z - info: Current opened pages, from most-to-least recent:
2026-01-01T17:57:32.970Z - info: 1. schedule/week4/topics
2026-01-01T17:57:33.987Z - info: Assets built
2026-01-01T17:58:29.272Z - info: [01:58:29] Reload for file change: /Users/damithch/Repos/nus-cs2103/cs2103-website-base/book/uml/stereotypes/text.md
2026-01-01T17:58:29.275Z - info: Synchronizing opened pages list before reload
2026-01-01T17:58:29.275Z - info: Current opened pages, from most-to-least recent:
2026-01-01T17:58:29.275Z - info: 1. schedule/week4/topics
2026-01-01T17:58:29.276Z - info: [01:58:29] Reload for file change: /Users/damithch/Repos/nus-cs2103/cs2103-website-base/book/uml/stereotypes/index.md
2026-01-01T17:58:29.276Z - info: Synchronizing opened pages list before reload
2026-01-01T17:58:29.277Z - info: Current opened pages, from most-to-least recent:
2026-01-01T17:58:29.277Z - info: 1. schedule/week4/topics
2026-01-01T17:58:29.277Z - info: [01:58:29] Reload for file change: /Users/damithch/Repos/nus-cs2103/cs2103-website-base/book/uml/stereotypes/what/index.md
2026-01-01T17:58:29.277Z - info: Synchronizing opened pages list before reload
2026-01-01T17:58:29.277Z - info: Current opened pages, from most-to-least recent:
2026-01-01T17:58:29.277Z - info: 1. schedule/week4/topics
2026-01-01T17:58:30.283Z - info: Assets built
2026-01-01T17:58:30.287Z - info: No pages needed to be rebuilt
2026-01-01T18:01:12.145Z - info: Website generation (lazy) started at 02:01:11
2026-01-01T18:01:12.551Z - warn: ENOENT: no such file or directory, open '/Users/damithch/Repos/nus-cs2103/cs2103-website-base/node_modules/.cache/gh-pages/https!github.com!NUS-CS2103-AY2526-S2!website.git/book/_markbind/variables.md'
2026-01-01T18:01:12.551Z - warn: ENOENT: no such file or directory, open '/Users/damithch/Repos/nus-cs2103/cs2103-website-base/node_modules/.cache/gh-pages/https!github.com!NUS-CS2103-AY2526-S2!website.git/_markbind/variables.md'
2026-01-01T18:01:12.570Z - info: Building assets...
2026-01-01T18:01:16.116Z - info: Assets built
2026-01-01T18:01:16.117Z - info: Generating landing page...
2026-01-01T18:01:16.444Z - info: Landing page built, other pages will be built as you navigate to them!
2026-01-01T18:01:16.522Z - info: Site data built
2026-01-01T18:01:16.522Z - info: Website generation (lazy) complete! Total build time: 5.5s
2026-01-01T18:01:16.533Z - info: Serving "/Users/damithch/Repos/nus-cs2103/cs2103-website-base/_site" at http://127.0.0.1:8080
2026-01-01T18:01:16.533Z - info: Press CTRL+C to stop ...
2026-01-01T18:01:19.657Z - info: Building /Users/damithch/Repos/nus-cs2103/cs2103-website-base/se-book-adapted/index as some of its dependencies were changed since the last visit
2026-01-01T18:01:19.890Z - info: Site data built
2026-01-01T18:01:19.891Z - info: Lazy website regeneration complete! Total build time: 0.236s
2026-01-01T18:01:27.917Z - info: Building /Users/damithch/Repos/nus-cs2103/cs2103-website-base/se-book-adapted/chapters/modeling as some of its dependencies were changed since the last visit
2026-01-01T18:01:31.073Z - debug:  
2026-01-01T18:01:31.312Z - debug:  
2026-01-01T18:01:31.326Z - debug:  
2026-01-01T18:01:31.475Z - debug:  
2026-01-01T18:01:31.486Z - debug:  
2026-01-01T18:01:31.547Z - debug:  
2026-01-01T18:01:31.584Z - debug:  
2026-01-01T18:01:31.618Z - debug:  
2026-01-01T18:01:31.618Z - debug:  
2026-01-01T18:01:31.620Z - debug:  
2026-01-01T18:01:31.640Z - debug:  
2026-01-01T18:01:31.644Z - debug:  
2026-01-01T18:01:31.685Z - debug:  
2026-01-01T18:01:31.685Z - debug:  
2026-01-01T18:01:31.800Z - info: Site data built
2026-01-01T18:01:31.800Z - info: Lazy website regeneration complete! Total build time: 3.884s
2026-01-01T18:04:27.417Z - info: [02:04:27] Reload for file change: /Users/damithch/Repos/nus-cs2103/cs2103-website-base/_course-CS2103/textbookTopics-fragment.md
2026-01-01T18:04:27.420Z - info: Synchronizing opened pages list before reload
2026-01-01T18:04:27.422Z - info: Current opened pages, from most-to-least recent:
2026-01-01T18:04:27.423Z - info: 1. se-book-adapted/chapters/modeling
2026-01-01T18:04:28.593Z - info: Rebuilding 1 pages
2026-01-01T18:04:30.137Z - debug:  
2026-01-01T18:04:30.258Z - info: Site data built
2026-01-01T18:04:30.258Z - info: Pages rebuilt
2026-01-01T18:04:30.258Z - info: Website regeneration complete! Total build time: 1.666s
2026-01-01T18:05:46.278Z - info: [02:05:46] Reload for file change: /Users/damithch/Repos/nus-cs2103/cs2103-website-base/_course-CS2113/textbookTopics-fragment.md
2026-01-01T18:05:46.279Z - info: Synchronizing opened pages list before reload
2026-01-01T18:05:46.280Z - info: Current opened pages, from most-to-least recent:
2026-01-01T18:05:46.280Z - info: 1. se-book-adapted/chapters/modeling
2026-01-01T18:05:47.344Z - info: Assets built
2026-01-01T18:05:54.930Z - info: Website generation started at 02:05:53
2026-01-01T18:05:55.278Z - warn: ENOENT: no such file or directory, open '/Users/damithch/Repos/nus-cs2103/cs2103-website-base/node_modules/.cache/gh-pages/https!github.com!NUS-CS2103-AY2526-S2!website.git/book/_markbind/variables.md'
2026-01-01T18:05:55.278Z - warn: ENOENT: no such file or directory, open '/Users/damithch/Repos/nus-cs2103/cs2103-website-base/node_modules/.cache/gh-pages/https!github.com!NUS-CS2103-AY2526-S2!website.git/_markbind/variables.md'
2026-01-01T18:05:55.297Z - info: Building assets...
2026-01-01T18:05:58.561Z - info: Assets built
2026-01-01T18:05:58.562Z - info: Generating pages...
2026-01-01T18:06:09.624Z - debug:  
2026-01-01T18:06:09.624Z - debug:  
2026-01-01T18:06:09.624Z - debug:  
2026-01-01T18:06:09.624Z - debug:  
2026-01-01T18:06:09.624Z - debug:  
2026-01-01T18:06:09.624Z - debug:  
2026-01-01T18:06:09.625Z - debug:  
2026-01-01T18:06:09.625Z - debug:  
2026-01-01T18:06:09.625Z - debug:  
2026-01-01T18:06:09.625Z - debug:  
2026-01-01T18:06:09.625Z - debug:  
2026-01-01T18:06:09.625Z - debug:  
2026-01-01T18:06:09.625Z - debug:  
2026-01-01T18:06:09.625Z - debug:  
2026-01-01T18:06:09.625Z - debug:  
2026-01-01T18:06:09.625Z - debug:  
2026-01-01T18:06:11.957Z - debug:  
2026-01-01T18:06:12.016Z - debug:  
2026-01-01T18:06:12.061Z - debug:  
2026-01-01T18:06:12.086Z - debug:  
2026-01-01T18:06:12.245Z - debug:  
2026-01-01T18:06:12.275Z - debug:  
2026-01-01T18:06:22.372Z - debug:  
2026-01-01T18:07:07.796Z - debug:  
2026-01-01T18:07:07.796Z - debug:  
2026-01-01T18:07:18.871Z - debug:  
2026-01-01T18:07:32.838Z - debug:  
2026-01-01T18:07:33.081Z - debug:  
2026-01-01T18:07:40.170Z - info: Pages built
2026-01-01T18:07:40.249Z - info: Site data built
2026-01-01T18:07:40.249Z - info: Website generation complete! Total build time: 106.29s
2026-01-01T18:07:40.249Z - info: Build success!
2026-01-01T18:09:27.258Z - info: Website generation started at 02:09:26
2026-01-01T18:09:27.614Z - warn: ENOENT: no such file or directory, open '/Users/damithch/Repos/nus-cs2103/cs2103-website-base/node_modules/.cache/gh-pages/https!github.com!NUS-CS2103-AY2526-S2!website.git/book/_markbind/variables.md'
2026-01-01T18:09:27.614Z - warn: ENOENT: no such file or directory, open '/Users/damithch/Repos/nus-cs2103/cs2103-website-base/node_modules/.cache/gh-pages/https!github.com!NUS-CS2103-AY2526-S2!website.git/_markbind/variables.md'
2026-01-01T18:09:27.634Z - info: Building assets...
2026-01-01T18:09:30.941Z - info: Assets built
2026-01-01T18:09:30.942Z - info: Generating pages...
2026-01-01T18:09:35.907Z - debug:  
2026-01-01T18:09:38.874Z - debug:  
2026-01-01T18:09:38.874Z - debug:  
2026-01-01T18:09:38.874Z - debug:  
2026-01-01T18:09:38.874Z - debug:  
2026-01-01T18:09:38.874Z - debug:  
2026-01-01T18:09:38.874Z - debug:  
2026-01-01T18:09:38.874Z - debug:  
2026-01-01T18:09:38.874Z - debug:  
2026-01-01T18:09:38.874Z - debug:  
2026-01-01T18:09:38.874Z - debug:  
2026-01-01T18:09:38.875Z - debug:  
2026-01-01T18:09:38.875Z - debug:  
2026-01-01T18:09:38.952Z - debug:  
2026-01-01T18:09:38.956Z - debug:  
2026-01-01T18:09:39.002Z - debug:  
2026-01-01T18:09:42.437Z - debug:  
2026-01-01T18:09:42.477Z - debug:  
2026-01-01T18:09:42.517Z - debug:  
2026-01-01T18:09:42.596Z - debug:  
2026-01-01T18:09:42.597Z - debug:  
2026-01-01T18:09:42.661Z - debug:  
2026-01-01T18:09:51.200Z - debug:  
2026-01-01T18:10:33.384Z - debug:  
2026-01-01T18:10:33.384Z - debug:  
2026-01-01T18:10:41.669Z - debug:  
2026-01-01T18:10:56.542Z - debug:  
2026-01-01T18:10:56.803Z - debug:  
2026-01-01T18:11:04.133Z - info: Pages built
2026-01-01T18:11:04.210Z - info: Site data built
2026-01-01T18:11:04.211Z - info: Website generation complete! Total build time: 98.186s
2026-01-01T18:11:04.211Z - info: Build success!
2026-01-01T18:11:29.795Z - info: The website has been deployed at: https://nus-cs2103-ay2526-s2.github.io/website
2026-01-01T18:34:40.584Z - info: Website generation started at 02:34:39
2026-01-01T18:34:40.978Z - warn: ENOENT: no such file or directory, open '/Users/damithch/Repos/nus-cs2103/cs2103-website-base/node_modules/.cache/gh-pages/https!github.com!NUS-CS2103-AY2526-S2!website.git/book/_markbind/variables.md'
2026-01-01T18:34:40.979Z - warn: ENOENT: no such file or directory, open '/Users/damithch/Repos/nus-cs2103/cs2103-website-base/node_modules/.cache/gh-pages/https!github.com!NUS-CS2103-AY2526-S2!website.git/_markbind/variables.md'
2026-01-01T18:34:40.998Z - info: Building assets...
2026-01-01T18:34:44.186Z - info: Assets built
2026-01-01T18:34:44.187Z - info: Generating pages...
2026-01-01T18:34:52.723Z - debug:  
2026-01-01T18:34:52.723Z - debug:  
2026-01-01T18:34:52.887Z - debug:  
2026-01-01T18:34:52.890Z - debug:  
2026-01-01T18:34:52.902Z - debug:  
2026-01-01T18:34:53.095Z - debug:  
2026-01-01T18:34:53.181Z - debug:  
2026-01-01T18:34:53.189Z - debug:  
2026-01-01T18:34:53.309Z - debug:  
2026-01-01T18:34:53.457Z - debug:  
2026-01-01T18:34:53.462Z - debug:  
2026-01-01T18:34:53.467Z - debug:  
2026-01-01T18:34:53.467Z - debug:  
2026-01-01T18:34:53.528Z - debug:  
2026-01-01T18:34:55.773Z - debug:  
2026-01-01T18:34:55.845Z - debug:  
2026-01-01T18:34:55.937Z - debug:  
2026-01-01T18:34:55.971Z - debug:  
2026-01-01T18:34:55.981Z - debug:  
2026-01-01T18:34:55.981Z - debug:  
2026-01-01T18:34:56.007Z - debug:  
2026-01-01T18:35:04.784Z - debug:  
2026-01-01T18:35:06.348Z - debug:  
2026-01-01T18:35:43.246Z - debug:  
2026-01-01T18:35:43.246Z - debug:  
2026-01-01T18:35:51.932Z - debug:  
2026-01-01T18:36:01.815Z - debug:  
2026-01-01T18:36:01.820Z - debug:  
2026-01-01T18:36:08.035Z - info: Pages built
2026-01-01T18:36:08.114Z - info: Site data built
2026-01-01T18:36:08.114Z - info: Website generation complete! Total build time: 88.71s
2026-01-01T18:36:08.114Z - info: Build success!
2026-01-01T18:39:53.433Z - info: Website generation started at 02:39:52
2026-01-01T18:39:53.845Z - warn: ENOENT: no such file or directory, open '/Users/damithch/Repos/nus-cs2103/cs2103-website-base/node_modules/.cache/gh-pages/https!github.com!NUS-CS2103-AY2526-S2!website.git/book/_markbind/variables.md'
2026-01-01T18:39:53.845Z - warn: ENOENT: no such file or directory, open '/Users/damithch/Repos/nus-cs2103/cs2103-website-base/node_modules/.cache/gh-pages/https!github.com!NUS-CS2103-AY2526-S2!website.git/_markbind/variables.md'
2026-01-01T18:39:53.864Z - info: Building assets...
2026-01-01T18:39:56.847Z - info: Assets built
2026-01-01T18:39:56.848Z - info: Generating pages...
2026-01-01T18:40:03.054Z - debug:  
2026-01-01T18:40:03.054Z - debug:  
2026-01-01T18:40:03.054Z - debug:  
2026-01-01T18:40:03.054Z - debug:  
2026-01-01T18:40:03.054Z - debug:  
2026-01-01T18:40:03.054Z - debug:  
2026-01-01T18:40:03.054Z - debug:  
2026-01-01T18:40:03.054Z - debug:  
2026-01-01T18:40:03.104Z - debug:  
2026-01-01T18:40:03.157Z - debug:  
2026-01-01T18:40:03.200Z - debug:  
2026-01-01T18:40:03.256Z - debug:  
2026-01-01T18:40:03.262Z - debug:  
2026-01-01T18:40:03.304Z - debug:  
2026-01-01T18:40:06.337Z - debug:  
2026-01-01T18:40:06.381Z - debug:  
2026-01-01T18:40:06.452Z - debug:  
2026-01-01T18:40:06.452Z - debug:  
2026-01-01T18:40:06.483Z - debug:  
2026-01-01T18:40:06.487Z - debug:  
2026-01-01T18:40:06.504Z - debug:  
2026-01-01T18:40:17.998Z - debug:  
2026-01-01T18:40:19.472Z - debug:  
2026-01-01T18:40:59.562Z - debug:  
2026-01-01T18:40:59.562Z - debug:  
2026-01-01T18:41:08.579Z - debug:  
2026-01-01T18:41:19.036Z - debug:  
2026-01-01T18:41:19.049Z - debug:  
2026-01-01T18:41:25.703Z - info: Pages built
2026-01-01T18:41:25.792Z - info: Site data built
2026-01-01T18:41:25.792Z - info: Website generation complete! Total build time: 93.507s
2026-01-01T18:41:25.792Z - info: Build success!
2026-01-01T18:41:49.986Z - info: The website has been deployed at: https://nus-cs2113-ay2526-s2.github.io/website
